[debug] [2022-06-06T18:17:19.027Z] ----------------------------------------------------------------------
[debug] [2022-06-06T18:17:19.028Z] Command:       C:\Program Files\nodejs\node.exe C:\Users\10\AppData\Roaming\npm\node_modules\firebase-tools\lib\bin\firebase.js deploy
[debug] [2022-06-06T18:17:19.029Z] CLI Version:   11.0.1
[debug] [2022-06-06T18:17:19.029Z] Platform:      win32
[debug] [2022-06-06T18:17:19.029Z] Node Version:  v16.15.1
[debug] [2022-06-06T18:17:19.029Z] Time:          Mon Jun 06 2022 20:17:19 GMT+0200 (Eastern European Standard Time)
[debug] [2022-06-06T18:17:19.030Z] ----------------------------------------------------------------------
[debug] 
[debug] [2022-06-06T18:17:19.078Z] > command requires scopes: ["email","openid","https://www.googleapis.com/auth/cloudplatformprojects.readonly","https://www.googleapis.com/auth/firebase","https://www.googleapis.com/auth/cloud-platform"]
[debug] [2022-06-06T18:17:19.079Z] > authorizing via signed-in user (yusoshka@gmail.com)
[debug] [2022-06-06T18:17:19.079Z] [iam] checking project portfolio-4e43e for permissions ["firebase.projects.get","firebasehosting.sites.update"]
[debug] [2022-06-06T18:17:19.080Z] > refreshing access token with scopes: []
[debug] [2022-06-06T18:17:19.080Z] >>> HTTP REQUEST POST https://www.googleapis.com/oauth2/v3/token  
 <request body omitted>
[debug] [2022-06-06T18:17:19.360Z] <<< HTTP RESPONSE 200 {"pragma":"no-cache","expires":"Mon, 01 Jan 1990 00:00:00 GMT","cache-control":"no-cache, no-store, max-age=0, must-revalidate","date":"Mon, 06 Jun 2022 18:21:21 GMT","content-type":"application/json; charset=utf-8","vary":"X-Origin, Referer, Origin,Accept-Encoding","server":"scaffolding on HTTPServer2","x-xss-protection":"0","x-frame-options":"SAMEORIGIN","x-content-type-options":"nosniff","alt-svc":"h3=\":443\"; ma=2592000,h3-29=\":443\"; ma=2592000,h3-Q050=\":443\"; ma=2592000,h3-Q046=\":443\"; ma=2592000,h3-Q043=\":443\"; ma=2592000,quic=\":443\"; ma=2592000; v=\"46,43\"","accept-ranges":"none","transfer-encoding":"chunked"}
[debug] [2022-06-06T18:17:19.370Z] >>> [apiv2][query] POST https://cloudresourcemanager.googleapis.com/v1/projects/portfolio-4e43e:testIamPermissions [none]
[debug] [2022-06-06T18:17:19.370Z] >>> [apiv2][body] POST https://cloudresourcemanager.googleapis.com/v1/projects/portfolio-4e43e:testIamPermissions {"permissions":["firebase.projects.get","firebasehosting.sites.update"]}
[debug] [2022-06-06T18:17:20.276Z] <<< [apiv2][status] POST https://cloudresourcemanager.googleapis.com/v1/projects/portfolio-4e43e:testIamPermissions 200
[debug] [2022-06-06T18:17:20.276Z] <<< [apiv2][body] POST https://cloudresourcemanager.googleapis.com/v1/projects/portfolio-4e43e:testIamPermissions {"permissions":["firebase.projects.get","firebasehosting.sites.update"]}
[debug] [2022-06-06T18:17:20.277Z] >>> [apiv2][query] GET https://firebase.googleapis.com/v1beta1/projects/portfolio-4e43e [none]
[debug] [2022-06-06T18:17:21.202Z] <<< [apiv2][status] GET https://firebase.googleapis.com/v1beta1/projects/portfolio-4e43e 200
[debug] [2022-06-06T18:17:21.202Z] <<< [apiv2][body] GET https://firebase.googleapis.com/v1beta1/projects/portfolio-4e43e {"projectId":"portfolio-4e43e","projectNumber":"468683063647","displayName":"portfolio","name":"projects/portfolio-4e43e","resources":{"hostingSite":"portfolio-4e43e"},"state":"ACTIVE"}
[info] 
[info] === Deploying to 'portfolio-4e43e'...
[info] 
[info] i  deploying hosting 
[debug] [2022-06-06T18:17:21.204Z] >>> [apiv2][query] GET https://firebase.googleapis.com/v1beta1/projects/portfolio-4e43e [none]
[debug] [2022-06-06T18:17:21.704Z] <<< [apiv2][status] GET https://firebase.googleapis.com/v1beta1/projects/portfolio-4e43e 200
[debug] [2022-06-06T18:17:21.704Z] <<< [apiv2][body] GET https://firebase.googleapis.com/v1beta1/projects/portfolio-4e43e {"projectId":"portfolio-4e43e","projectNumber":"468683063647","displayName":"portfolio","name":"projects/portfolio-4e43e","resources":{"hostingSite":"portfolio-4e43e"},"state":"ACTIVE"}
[debug] [2022-06-06T18:17:21.705Z] >>> [apiv2][query] POST https://firebasehosting.googleapis.com/v1beta1/projects/468683063647/sites/portfolio-4e43e/versions [none]
[debug] [2022-06-06T18:17:21.705Z] >>> [apiv2][body] POST https://firebasehosting.googleapis.com/v1beta1/projects/468683063647/sites/portfolio-4e43e/versions {"config":{"rewrites":[{"glob":"**","path":"/index.html"}]},"labels":{"deployment-tool":"cli-firebase"}}
[debug] [2022-06-06T18:17:25.566Z] <<< [apiv2][status] POST https://firebasehosting.googleapis.com/v1beta1/projects/468683063647/sites/portfolio-4e43e/versions 200
[debug] [2022-06-06T18:17:25.566Z] <<< [apiv2][body] POST https://firebasehosting.googleapis.com/v1beta1/projects/468683063647/sites/portfolio-4e43e/versions {"name":"projects/468683063647/sites/portfolio-4e43e/versions/0dba953bd540a66f","status":"CREATED","config":{"rewrites":[{"glob":"**","path":"/index.html"}]},"labels":{"deployment-tool":"cli-firebase"}}
[info] i  hosting[portfolio-4e43e]: beginning deploy... 
[info] i  hosting[portfolio-4e43e]: found 53 files in build/web 
[debug] [2022-06-06T18:17:25.581Z] [hosting] uploading with 200 concurrency
[debug] [2022-06-06T18:17:25.813Z] [hosting] hash cache [YnVpbGRcd2Vi] stored for 53 files
[debug] [2022-06-06T18:17:25.813Z] [hosting][hash queue][FINAL] {"max":226,"min":3,"avg":78.0754716981132,"active":0,"complete":53,"success":53,"errored":0,"retried":0,"total":53,"elapsed":231}
[debug] [2022-06-06T18:17:25.813Z] >>> [apiv2][query] POST https://firebasehosting.googleapis.com/v1beta1/projects/468683063647/sites/portfolio-4e43e/versions/0dba953bd540a66f:populateFiles [none]
[debug] [2022-06-06T18:17:25.814Z] >>> [apiv2][body] POST https://firebasehosting.googleapis.com/v1beta1/projects/468683063647/sites/portfolio-4e43e/versions/0dba953bd540a66f:populateFiles {"files":{"/favicon.ico":"d54d71339848a53888bc84401e22d654e16687e5980759534e1a2db0c016c0ef","/favicon.png":"0cab6e3dd5a9f008afdd133e1e1207cf65f2f2a10eb6712e3c209d8a5f76425a","/flutter.js":"5abe5970cdac2922082089e347a5958f54f682b007fedf8bcc43e64b68d4e077","/main.dart.js":"103552e412e7dd5c8ee296164039d31e9dbeb5108e66f2ab56e1203922988b70","/manifest.json":"b06f1e19a980d36eafb492b2fecf42e6f0fd992597d85dcf08d9cb13dbd59c47","/assets/fonts/MaterialIcons-Regular.otf":"6c5b450bbaa24bf30f1a1c111fe2be1e9c2cb23dde6fa9ee8b3609e812302aed","/assets/packages/cupertino_icons/assets/CupertinoIcons.ttf":"894da28a77592818df91b2299df5c1005b8ab18adcd6798113667e58eaaa5d10","/assets/packages/font_awesome_flutter/lib/fonts/fa-brands-400.ttf":"b6658796b6dde892f9906bc9419f6e11426d2cdbfea9238f1c05d5b186c501c1","/assets/packages/font_awesome_flutter/lib/fonts/fa-regular-400.ttf":"0ca734ba74aacfb56a101688f4201feffb0a2d941d438cf0f0cfb37fc2ac0020","/assets/packages/font_awesome_flutter/lib/fonts/fa-solid-900.ttf":"a83672e8865abbdec0810397a8ae0dd3fdd07553cd8082dba0b3a42ff8711390","/canvaskit/canvaskit.js":"d4bb233aafd8e7a814829511530caf2ba60e688681dc5f14fa3cc0e2275e332d","/canvaskit/canvaskit.wasm":"3d20d7c09f028a17b2bffa47fa8e73313af8299f1cf19e34fb9319770656d7bd","/canvaskit/profiling/canvaskit.js":"700abcf7f3603f0adab15cbffb4a3bff9845531c3a2f3b6894a47d1836a56cca","/canvaskit/profiling/canvaskit.wasm":"00021620f0517e1a025c49490f33b5a5eb0624d877ce70ac75bd95c65539a4a0","/icons/Icon-192.png":"eaf2464bfb1d192fdd192a616f7b858dee456d573c6ec619648a1dcf2bdddfa6","/icons/Icon-512.png":"9cf4cd298ae95acc1f25e97d88aa3f6bbfdf40867ea0f8a854c4393f49d56e64","/icons/Icon-maskable-192.png":"196ce9142a3442ab37ae90cd46c3389e4660400c859b81cbb0538a51b39752eb","/icons/Icon-maskable-512.png":"6833b7c449e0dd24d5e164a53cc4557e643893e675b476b05efcbb9a6aa05bf0","/assets/FontManifest.json":"513648b64710d048971e49c5969e91a20ae1a4636f93ba888a67fe9a15cd61bf","/flutter_service_worker.js":"aeca7937b65494dbe38e9f8944f84293f698d8164d3e3238ef9bd070fa33cc2b","/assets/AssetManifest.json":"035101ec57afea2d9b9798c30ff8c84026f4360eb08545c99caf999ac4616125","/index.html":"e341e976560c8a4b4e7baad3869e91bc8ea7ccbf112045e82928234eeebf3a96","/version.json":"7adb4324bd601a5499560131d39423a542b05715bb2fb31aa1357e135e1d1b76","/assets/NOTICES":"8ee3bc7489c5cbedd0ffc7c7a5a36eea2510344599305973fd5f1db45543d987","/images/Otbokhly/otbokhly2.png":"f6f02d82c5e9b2e41114134167a73fa61a647800851fe98d4576dc1619c7aaea","/images/Taxi/taxi1.png":"0d752f0be65d391f5ebaa21df53b86b62fcc8d36759de2f911e608dd923841ac","/images/Otbokhly/otbokhly1.png":"dd30275834b99fcbb27a08d6ddbefc2cddec153b7a668caf6da74920c5a9dfff","/images/MyTasks/tasks1.png":"87a567bd874cd00977c93ab8fc3e531fb7768bf56fc6579c017ed1f866fd3729","/images/Taxi/taxi2.png":"d3eeb9221ed634cc9eb7523af2c9e7fff543e385b8dabcbfb5a069b87bf568c0","/images/MyTasks/tasks3.png":"6e0e586e8bea2cbd5492c1f10610f27530db89450ffa27bedae51e7842cb864a","/images/MyTasks/tasks6.png":"78ea3a56a5c1d8aed756a563fd183f0b38b8234fb9f7d4bf3f4eaef0164899a8","/images/MyTasks/tasks5.png":"d13b7c0707f33c1f561d9e656468e79e1efd4f2c76bfd3a86a99c74859c67d18","/images/MyTasks/tasks2.png":"461a82e38e1f8e30aa4a3ac515838381b7903c317443f1f33556573e920ce323","/images/MyTasks/tasks4.png":"b0890d26e27f9199b0a82cc986ef760638836ac65a785e08aef66ded0bb550cf","/images/Otbokhly/otbokhly8.png":"c55ae3a9b0842dc96210989d80f66d200c71cbdee87db851fbba796cdd31bc02","/images/MyTasks/tasks8.png":"3a19bb5289dba304b83ee25c4f1652229db2edac2390f1ca1744df007815629c","/images/MyTasks/tasks7.png":"5a23629349db7137d3944c00dd0ff31e9dd3a087dc2985ed5c7504faacfba2c5","/images/Taxi/taxi4.png":"433605dc7cf4c70d485d2814b8d81f964c3e0903211aa4fea25cb017e99fd63d","/images/Otbokhly/otbokhly5.png":"781b582a4d79793a964568cf4a056b6561a33097759bfe9f9c74a6e4ae631ab1","/images/Otbokhly/otbokhly10.png":"f2c35ddf4c9de07d847a0863a6e804590f273ba0518dbd04255495350299ee47","/images/Taxi/taxi10.png":"f8dd50725f76675dddbc62538fad0ac1eab738a2b434fcc56bb067f4bebb40ae","/images/Taxi/taxi8.png":"743e493cf22c9ddf2c7ce2b6eea4501684e24a5ce92676cfd04fab9a5db0ff35","/images/Taxi/taxi3.png":"c911dde08d0b7a70e1b225302f1cb6db7fa194c88271a0fd62903021d9641fba","/images/Otbokhly/otbokhly11.png":"e5a92f591a75882899b5ceafd9ab5dad491c5a9651810dc420209d9e242d3cde","/images/Otbokhly/otbokhly6.png":"d7534cd5ca3ac0e45dbbc8fa4961da0bc5ff8118f8ee26fbb6811512851f097e","/images/Otbokhly/otbokhly4.png":"6a4d1376cb57ad26427c2f1c36626bbdc0925526de64331b9e4df492b1afc823","/images/Taxi/taxi9.png":"87a2bfabffd652158663df372f583056b27399252a86a60f75021f7dc2ea5f17","/images/Taxi/taxi5.png":"a3c830bbbe2ea6d8ae873cfca80d4f9cbde0ad0d5f8ef9ec0e7d13adf74f2789","/images/Taxi/taxi6.png":"f10f011d431043e3e9d2928c22628d3f0c2abe5287f80bd8890680003d6281c0","/images/Otbokhly/otbokhly9.png":"922fad4920f02d4cb7df5dc996d19b080467431672a8ab9339e6177c2392df20","/images/Taxi/taxi7.png":"a7eeaac75907ebeb65a35c86874e5bbb8c694d3c8e53b68f4a7074fda75efac0","/images/Otbokhly/otbokhly7.png":"b23da3ad3913d95ccfb888099a91beefb0c7e29747975686b47b5ceda5ef4ab9","/images/Otbokhly/otbokhly3.png":"2d0801231966f99eb64056805a5e476dd7a7f0fd8d7aa0e797373fadca0c6b59"}}
[debug] [2022-06-06T18:17:27.205Z] <<< [apiv2][status] POST https://firebasehosting.googleapis.com/v1beta1/projects/468683063647/sites/portfolio-4e43e/versions/0dba953bd540a66f:populateFiles 200
[debug] [2022-06-06T18:17:27.206Z] <<< [apiv2][body] POST https://firebasehosting.googleapis.com/v1beta1/projects/468683063647/sites/portfolio-4e43e/versions/0dba953bd540a66f:populateFiles {"uploadRequiredHashes":["87a567bd874cd00977c93ab8fc3e531fb7768bf56fc6579c017ed1f866fd3729","922fad4920f02d4cb7df5dc996d19b080467431672a8ab9339e6177c2392df20","c911dde08d0b7a70e1b225302f1cb6db7fa194c88271a0fd62903021d9641fba","5a23629349db7137d3944c00dd0ff31e9dd3a087dc2985ed5c7504faacfba2c5","a7eeaac75907ebeb65a35c86874e5bbb8c694d3c8e53b68f4a7074fda75efac0","c55ae3a9b0842dc96210989d80f66d200c71cbdee87db851fbba796cdd31bc02","a3c830bbbe2ea6d8ae873cfca80d4f9cbde0ad0d5f8ef9ec0e7d13adf74f2789","743e493cf22c9ddf2c7ce2b6eea4501684e24a5ce92676cfd04fab9a5db0ff35","781b582a4d79793a964568cf4a056b6561a33097759bfe9f9c74a6e4ae631ab1","d3eeb9221ed634cc9eb7523af2c9e7fff543e385b8dabcbfb5a069b87bf568c0","6a4d1376cb57ad26427c2f1c36626bbdc0925526de64331b9e4df492b1afc823","dd30275834b99fcbb27a08d6ddbefc2cddec153b7a668caf6da74920c5a9dfff","f2c35ddf4c9de07d847a0863a6e804590f273ba0518dbd04255495350299ee47","f6f02d82c5e9b2e41114134167a73fa61a647800851fe98d4576dc1619c7aaea","2d0801231966f99eb64056805a5e476dd7a7f0fd8d7aa0e797373fadca0c6b59","3a19bb5289dba304b83ee25c4f1652229db2edac2390f1ca1744df007815629c","e5a92f591a75882899b5ceafd9ab5dad491c5a9651810dc420209d9e242d3cde","87a2bfabffd652158663df372f583056b27399252a86a60f75021f7dc2ea5f17","6e0e586e8bea2cbd5492c1f10610f27530db89450ffa27bedae51e7842cb864a","433605dc7cf4c70d485d2814b8d81f964c3e0903211aa4fea25cb017e99fd63d","461a82e38e1f8e30aa4a3ac515838381b7903c317443f1f33556573e920ce323","b0890d26e27f9199b0a82cc986ef760638836ac65a785e08aef66ded0bb550cf","f8dd50725f76675dddbc62538fad0ac1eab738a2b434fcc56bb067f4bebb40ae","aeca7937b65494dbe38e9f8944f84293f698d8164d3e3238ef9bd070fa33cc2b","d13b7c0707f33c1f561d9e656468e79e1efd4f2c76bfd3a86a99c74859c67d18","b23da3ad3913d95ccfb888099a91beefb0c7e29747975686b47b5ceda5ef4ab9","78ea3a56a5c1d8aed756a563fd183f0b38b8234fb9f7d4bf3f4eaef0164899a8","f10f011d431043e3e9d2928c22628d3f0c2abe5287f80bd8890680003d6281c0","d7534cd5ca3ac0e45dbbc8fa4961da0bc5ff8118f8ee26fbb6811512851f097e","035101ec57afea2d9b9798c30ff8c84026f4360eb08545c99caf999ac4616125","e341e976560c8a4b4e7baad3869e91bc8ea7ccbf112045e82928234eeebf3a96","0d752f0be65d391f5ebaa21df53b86b62fcc8d36759de2f911e608dd923841ac"],"uploadUrl":"https://upload-firebasehosting.googleapis.com/upload/sites/portfolio-4e43e/versions/0dba953bd540a66f/files"}
[debug] [2022-06-06T18:17:27.208Z] >>> [apiv2][query] POST https://upload-firebasehosting.googleapis.com/upload/sites/portfolio-4e43e/versions/0dba953bd540a66f/files/87a567bd874cd00977c93ab8fc3e531fb7768bf56fc6579c017ed1f866fd3729 [none]
[debug] [2022-06-06T18:17:27.209Z] >>> [apiv2][body] POST https://upload-firebasehosting.googleapis.com/upload/sites/portfolio-4e43e/versions/0dba953bd540a66f/files/87a567bd874cd00977c93ab8fc3e531fb7768bf56fc6579c017ed1f866fd3729 [stream]
[debug] [2022-06-06T18:17:27.209Z] >>> [apiv2][query] POST https://upload-firebasehosting.googleapis.com/upload/sites/portfolio-4e43e/versions/0dba953bd540a66f/files/922fad4920f02d4cb7df5dc996d19b080467431672a8ab9339e6177c2392df20 [none]
[debug] [2022-06-06T18:17:27.209Z] >>> [apiv2][body] POST https://upload-firebasehosting.googleapis.com/upload/sites/portfolio-4e43e/versions/0dba953bd540a66f/files/922fad4920f02d4cb7df5dc996d19b080467431672a8ab9339e6177c2392df20 [stream]
[debug] [2022-06-06T18:17:27.210Z] >>> [apiv2][query] POST https://upload-firebasehosting.googleapis.com/upload/sites/portfolio-4e43e/versions/0dba953bd540a66f/files/c911dde08d0b7a70e1b225302f1cb6db7fa194c88271a0fd62903021d9641fba [none]
[debug] [2022-06-06T18:17:27.210Z] >>> [apiv2][body] POST https://upload-firebasehosting.googleapis.com/upload/sites/portfolio-4e43e/versions/0dba953bd540a66f/files/c911dde08d0b7a70e1b225302f1cb6db7fa194c88271a0fd62903021d9641fba [stream]
[debug] [2022-06-06T18:17:27.210Z] >>> [apiv2][query] POST https://upload-firebasehosting.googleapis.com/upload/sites/portfolio-4e43e/versions/0dba953bd540a66f/files/5a23629349db7137d3944c00dd0ff31e9dd3a087dc2985ed5c7504faacfba2c5 [none]
[debug] [2022-06-06T18:17:27.210Z] >>> [apiv2][body] POST https://upload-firebasehosting.googleapis.com/upload/sites/portfolio-4e43e/versions/0dba953bd540a66f/files/5a23629349db7137d3944c00dd0ff31e9dd3a087dc2985ed5c7504faacfba2c5 [stream]
[debug] [2022-06-06T18:17:27.211Z] >>> [apiv2][query] POST https://upload-firebasehosting.googleapis.com/upload/sites/portfolio-4e43e/versions/0dba953bd540a66f/files/a7eeaac75907ebeb65a35c86874e5bbb8c694d3c8e53b68f4a7074fda75efac0 [none]
[debug] [2022-06-06T18:17:27.211Z] >>> [apiv2][body] POST https://upload-firebasehosting.googleapis.com/upload/sites/portfolio-4e43e/versions/0dba953bd540a66f/files/a7eeaac75907ebeb65a35c86874e5bbb8c694d3c8e53b68f4a7074fda75efac0 [stream]
[debug] [2022-06-06T18:17:27.212Z] >>> [apiv2][query] POST https://upload-firebasehosting.googleapis.com/upload/sites/portfolio-4e43e/versions/0dba953bd540a66f/files/c55ae3a9b0842dc96210989d80f66d200c71cbdee87db851fbba796cdd31bc02 [none]
[debug] [2022-06-06T18:17:27.212Z] >>> [apiv2][body] POST https://upload-firebasehosting.googleapis.com/upload/sites/portfolio-4e43e/versions/0dba953bd540a66f/files/c55ae3a9b0842dc96210989d80f66d200c71cbdee87db851fbba796cdd31bc02 [stream]
[debug] [2022-06-06T18:17:27.213Z] >>> [apiv2][query] POST https://upload-firebasehosting.googleapis.com/upload/sites/portfolio-4e43e/versions/0dba953bd540a66f/files/a3c830bbbe2ea6d8ae873cfca80d4f9cbde0ad0d5f8ef9ec0e7d13adf74f2789 [none]
[debug] [2022-06-06T18:17:27.213Z] >>> [apiv2][body] POST https://upload-firebasehosting.googleapis.com/upload/sites/portfolio-4e43e/versions/0dba953bd540a66f/files/a3c830bbbe2ea6d8ae873cfca80d4f9cbde0ad0d5f8ef9ec0e7d13adf74f2789 [stream]
[debug] [2022-06-06T18:17:27.213Z] >>> [apiv2][query] POST https://upload-firebasehosting.googleapis.com/upload/sites/portfolio-4e43e/versions/0dba953bd540a66f/files/743e493cf22c9ddf2c7ce2b6eea4501684e24a5ce92676cfd04fab9a5db0ff35 [none]
[debug] [2022-06-06T18:17:27.213Z] >>> [apiv2][body] POST https://upload-firebasehosting.googleapis.com/upload/sites/portfolio-4e43e/versions/0dba953bd540a66f/files/743e493cf22c9ddf2c7ce2b6eea4501684e24a5ce92676cfd04fab9a5db0ff35 [stream]
[debug] [2022-06-06T18:17:27.214Z] >>> [apiv2][query] POST https://upload-firebasehosting.googleapis.com/upload/sites/portfolio-4e43e/versions/0dba953bd540a66f/files/781b582a4d79793a964568cf4a056b6561a33097759bfe9f9c74a6e4ae631ab1 [none]
[debug] [2022-06-06T18:17:27.214Z] >>> [apiv2][body] POST https://upload-firebasehosting.googleapis.com/upload/sites/portfolio-4e43e/versions/0dba953bd540a66f/files/781b582a4d79793a964568cf4a056b6561a33097759bfe9f9c74a6e4ae631ab1 [stream]
[debug] [2022-06-06T18:17:27.214Z] >>> [apiv2][query] POST https://upload-firebasehosting.googleapis.com/upload/sites/portfolio-4e43e/versions/0dba953bd540a66f/files/d3eeb9221ed634cc9eb7523af2c9e7fff543e385b8dabcbfb5a069b87bf568c0 [none]
[debug] [2022-06-06T18:17:27.214Z] >>> [apiv2][body] POST https://upload-firebasehosting.googleapis.com/upload/sites/portfolio-4e43e/versions/0dba953bd540a66f/files/d3eeb9221ed634cc9eb7523af2c9e7fff543e385b8dabcbfb5a069b87bf568c0 [stream]
[debug] [2022-06-06T18:17:27.215Z] >>> [apiv2][query] POST https://upload-firebasehosting.googleapis.com/upload/sites/portfolio-4e43e/versions/0dba953bd540a66f/files/6a4d1376cb57ad26427c2f1c36626bbdc0925526de64331b9e4df492b1afc823 [none]
[debug] [2022-06-06T18:17:27.215Z] >>> [apiv2][body] POST https://upload-firebasehosting.googleapis.com/upload/sites/portfolio-4e43e/versions/0dba953bd540a66f/files/6a4d1376cb57ad26427c2f1c36626bbdc0925526de64331b9e4df492b1afc823 [stream]
[debug] [2022-06-06T18:17:27.215Z] >>> [apiv2][query] POST https://upload-firebasehosting.googleapis.com/upload/sites/portfolio-4e43e/versions/0dba953bd540a66f/files/dd30275834b99fcbb27a08d6ddbefc2cddec153b7a668caf6da74920c5a9dfff [none]
[debug] [2022-06-06T18:17:27.216Z] >>> [apiv2][body] POST https://upload-firebasehosting.googleapis.com/upload/sites/portfolio-4e43e/versions/0dba953bd540a66f/files/dd30275834b99fcbb27a08d6ddbefc2cddec153b7a668caf6da74920c5a9dfff [stream]
[debug] [2022-06-06T18:17:27.216Z] >>> [apiv2][query] POST https://upload-firebasehosting.googleapis.com/upload/sites/portfolio-4e43e/versions/0dba953bd540a66f/files/f2c35ddf4c9de07d847a0863a6e804590f273ba0518dbd04255495350299ee47 [none]
[debug] [2022-06-06T18:17:27.216Z] >>> [apiv2][body] POST https://upload-firebasehosting.googleapis.com/upload/sites/portfolio-4e43e/versions/0dba953bd540a66f/files/f2c35ddf4c9de07d847a0863a6e804590f273ba0518dbd04255495350299ee47 [stream]
[debug] [2022-06-06T18:17:27.216Z] >>> [apiv2][query] POST https://upload-firebasehosting.googleapis.com/upload/sites/portfolio-4e43e/versions/0dba953bd540a66f/files/f6f02d82c5e9b2e41114134167a73fa61a647800851fe98d4576dc1619c7aaea [none]
[debug] [2022-06-06T18:17:27.216Z] >>> [apiv2][body] POST https://upload-firebasehosting.googleapis.com/upload/sites/portfolio-4e43e/versions/0dba953bd540a66f/files/f6f02d82c5e9b2e41114134167a73fa61a647800851fe98d4576dc1619c7aaea [stream]
[debug] [2022-06-06T18:17:27.218Z] >>> [apiv2][query] POST https://upload-firebasehosting.googleapis.com/upload/sites/portfolio-4e43e/versions/0dba953bd540a66f/files/2d0801231966f99eb64056805a5e476dd7a7f0fd8d7aa0e797373fadca0c6b59 [none]
[debug] [2022-06-06T18:17:27.218Z] >>> [apiv2][body] POST https://upload-firebasehosting.googleapis.com/upload/sites/portfolio-4e43e/versions/0dba953bd540a66f/files/2d0801231966f99eb64056805a5e476dd7a7f0fd8d7aa0e797373fadca0c6b59 [stream]
[debug] [2022-06-06T18:17:27.219Z] >>> [apiv2][query] POST https://upload-firebasehosting.googleapis.com/upload/sites/portfolio-4e43e/versions/0dba953bd540a66f/files/3a19bb5289dba304b83ee25c4f1652229db2edac2390f1ca1744df007815629c [none]
[debug] [2022-06-06T18:17:27.219Z] >>> [apiv2][body] POST https://upload-firebasehosting.googleapis.com/upload/sites/portfolio-4e43e/versions/0dba953bd540a66f/files/3a19bb5289dba304b83ee25c4f1652229db2edac2390f1ca1744df007815629c [stream]
[debug] [2022-06-06T18:17:27.219Z] >>> [apiv2][query] POST https://upload-firebasehosting.googleapis.com/upload/sites/portfolio-4e43e/versions/0dba953bd540a66f/files/e5a92f591a75882899b5ceafd9ab5dad491c5a9651810dc420209d9e242d3cde [none]
[debug] [2022-06-06T18:17:27.219Z] >>> [apiv2][body] POST https://upload-firebasehosting.googleapis.com/upload/sites/portfolio-4e43e/versions/0dba953bd540a66f/files/e5a92f591a75882899b5ceafd9ab5dad491c5a9651810dc420209d9e242d3cde [stream]
[debug] [2022-06-06T18:17:27.220Z] >>> [apiv2][query] POST https://upload-firebasehosting.googleapis.com/upload/sites/portfolio-4e43e/versions/0dba953bd540a66f/files/87a2bfabffd652158663df372f583056b27399252a86a60f75021f7dc2ea5f17 [none]
[debug] [2022-06-06T18:17:27.220Z] >>> [apiv2][body] POST https://upload-firebasehosting.googleapis.com/upload/sites/portfolio-4e43e/versions/0dba953bd540a66f/files/87a2bfabffd652158663df372f583056b27399252a86a60f75021f7dc2ea5f17 [stream]
[debug] [2022-06-06T18:17:27.220Z] >>> [apiv2][query] POST https://upload-firebasehosting.googleapis.com/upload/sites/portfolio-4e43e/versions/0dba953bd540a66f/files/6e0e586e8bea2cbd5492c1f10610f27530db89450ffa27bedae51e7842cb864a [none]
[debug] [2022-06-06T18:17:27.220Z] >>> [apiv2][body] POST https://upload-firebasehosting.googleapis.com/upload/sites/portfolio-4e43e/versions/0dba953bd540a66f/files/6e0e586e8bea2cbd5492c1f10610f27530db89450ffa27bedae51e7842cb864a [stream]
[debug] [2022-06-06T18:17:27.221Z] >>> [apiv2][query] POST https://upload-firebasehosting.googleapis.com/upload/sites/portfolio-4e43e/versions/0dba953bd540a66f/files/433605dc7cf4c70d485d2814b8d81f964c3e0903211aa4fea25cb017e99fd63d [none]
[debug] [2022-06-06T18:17:27.221Z] >>> [apiv2][body] POST https://upload-firebasehosting.googleapis.com/upload/sites/portfolio-4e43e/versions/0dba953bd540a66f/files/433605dc7cf4c70d485d2814b8d81f964c3e0903211aa4fea25cb017e99fd63d [stream]
[debug] [2022-06-06T18:17:27.221Z] >>> [apiv2][query] POST https://upload-firebasehosting.googleapis.com/upload/sites/portfolio-4e43e/versions/0dba953bd540a66f/files/461a82e38e1f8e30aa4a3ac515838381b7903c317443f1f33556573e920ce323 [none]
[debug] [2022-06-06T18:17:27.221Z] >>> [apiv2][body] POST https://upload-firebasehosting.googleapis.com/upload/sites/portfolio-4e43e/versions/0dba953bd540a66f/files/461a82e38e1f8e30aa4a3ac515838381b7903c317443f1f33556573e920ce323 [stream]
[debug] [2022-06-06T18:17:27.221Z] >>> [apiv2][query] POST https://upload-firebasehosting.googleapis.com/upload/sites/portfolio-4e43e/versions/0dba953bd540a66f/files/b0890d26e27f9199b0a82cc986ef760638836ac65a785e08aef66ded0bb550cf [none]
[debug] [2022-06-06T18:17:27.221Z] >>> [apiv2][body] POST https://upload-firebasehosting.googleapis.com/upload/sites/portfolio-4e43e/versions/0dba953bd540a66f/files/b0890d26e27f9199b0a82cc986ef760638836ac65a785e08aef66ded0bb550cf [stream]
[debug] [2022-06-06T18:17:27.222Z] >>> [apiv2][query] POST https://upload-firebasehosting.googleapis.com/upload/sites/portfolio-4e43e/versions/0dba953bd540a66f/files/f8dd50725f76675dddbc62538fad0ac1eab738a2b434fcc56bb067f4bebb40ae [none]
[debug] [2022-06-06T18:17:27.222Z] >>> [apiv2][body] POST https://upload-firebasehosting.googleapis.com/upload/sites/portfolio-4e43e/versions/0dba953bd540a66f/files/f8dd50725f76675dddbc62538fad0ac1eab738a2b434fcc56bb067f4bebb40ae [stream]
[debug] [2022-06-06T18:17:27.222Z] >>> [apiv2][query] POST https://upload-firebasehosting.googleapis.com/upload/sites/portfolio-4e43e/versions/0dba953bd540a66f/files/aeca7937b65494dbe38e9f8944f84293f698d8164d3e3238ef9bd070fa33cc2b [none]
[debug] [2022-06-06T18:17:27.222Z] >>> [apiv2][body] POST https://upload-firebasehosting.googleapis.com/upload/sites/portfolio-4e43e/versions/0dba953bd540a66f/files/aeca7937b65494dbe38e9f8944f84293f698d8164d3e3238ef9bd070fa33cc2b [stream]
[debug] [2022-06-06T18:17:27.223Z] >>> [apiv2][query] POST https://upload-firebasehosting.googleapis.com/upload/sites/portfolio-4e43e/versions/0dba953bd540a66f/files/d13b7c0707f33c1f561d9e656468e79e1efd4f2c76bfd3a86a99c74859c67d18 [none]
[debug] [2022-06-06T18:17:27.223Z] >>> [apiv2][body] POST https://upload-firebasehosting.googleapis.com/upload/sites/portfolio-4e43e/versions/0dba953bd540a66f/files/d13b7c0707f33c1f561d9e656468e79e1efd4f2c76bfd3a86a99c74859c67d18 [stream]
[debug] [2022-06-06T18:17:27.223Z] >>> [apiv2][query] POST https://upload-firebasehosting.googleapis.com/upload/sites/portfolio-4e43e/versions/0dba953bd540a66f/files/b23da3ad3913d95ccfb888099a91beefb0c7e29747975686b47b5ceda5ef4ab9 [none]
[debug] [2022-06-06T18:17:27.223Z] >>> [apiv2][body] POST https://upload-firebasehosting.googleapis.com/upload/sites/portfolio-4e43e/versions/0dba953bd540a66f/files/b23da3ad3913d95ccfb888099a91beefb0c7e29747975686b47b5ceda5ef4ab9 [stream]
[debug] [2022-06-06T18:17:27.223Z] >>> [apiv2][query] POST https://upload-firebasehosting.googleapis.com/upload/sites/portfolio-4e43e/versions/0dba953bd540a66f/files/78ea3a56a5c1d8aed756a563fd183f0b38b8234fb9f7d4bf3f4eaef0164899a8 [none]
[debug] [2022-06-06T18:17:27.223Z] >>> [apiv2][body] POST https://upload-firebasehosting.googleapis.com/upload/sites/portfolio-4e43e/versions/0dba953bd540a66f/files/78ea3a56a5c1d8aed756a563fd183f0b38b8234fb9f7d4bf3f4eaef0164899a8 [stream]
[debug] [2022-06-06T18:17:27.224Z] >>> [apiv2][query] POST https://upload-firebasehosting.googleapis.com/upload/sites/portfolio-4e43e/versions/0dba953bd540a66f/files/f10f011d431043e3e9d2928c22628d3f0c2abe5287f80bd8890680003d6281c0 [none]
[debug] [2022-06-06T18:17:27.224Z] >>> [apiv2][body] POST https://upload-firebasehosting.googleapis.com/upload/sites/portfolio-4e43e/versions/0dba953bd540a66f/files/f10f011d431043e3e9d2928c22628d3f0c2abe5287f80bd8890680003d6281c0 [stream]
[debug] [2022-06-06T18:17:27.224Z] >>> [apiv2][query] POST https://upload-firebasehosting.googleapis.com/upload/sites/portfolio-4e43e/versions/0dba953bd540a66f/files/d7534cd5ca3ac0e45dbbc8fa4961da0bc5ff8118f8ee26fbb6811512851f097e [none]
[debug] [2022-06-06T18:17:27.224Z] >>> [apiv2][body] POST https://upload-firebasehosting.googleapis.com/upload/sites/portfolio-4e43e/versions/0dba953bd540a66f/files/d7534cd5ca3ac0e45dbbc8fa4961da0bc5ff8118f8ee26fbb6811512851f097e [stream]
[debug] [2022-06-06T18:17:27.225Z] >>> [apiv2][query] POST https://upload-firebasehosting.googleapis.com/upload/sites/portfolio-4e43e/versions/0dba953bd540a66f/files/035101ec57afea2d9b9798c30ff8c84026f4360eb08545c99caf999ac4616125 [none]
[debug] [2022-06-06T18:17:27.225Z] >>> [apiv2][body] POST https://upload-firebasehosting.googleapis.com/upload/sites/portfolio-4e43e/versions/0dba953bd540a66f/files/035101ec57afea2d9b9798c30ff8c84026f4360eb08545c99caf999ac4616125 [stream]
[debug] [2022-06-06T18:17:27.225Z] >>> [apiv2][query] POST https://upload-firebasehosting.googleapis.com/upload/sites/portfolio-4e43e/versions/0dba953bd540a66f/files/e341e976560c8a4b4e7baad3869e91bc8ea7ccbf112045e82928234eeebf3a96 [none]
[debug] [2022-06-06T18:17:27.225Z] >>> [apiv2][body] POST https://upload-firebasehosting.googleapis.com/upload/sites/portfolio-4e43e/versions/0dba953bd540a66f/files/e341e976560c8a4b4e7baad3869e91bc8ea7ccbf112045e82928234eeebf3a96 [stream]
[debug] [2022-06-06T18:17:27.226Z] >>> [apiv2][query] POST https://upload-firebasehosting.googleapis.com/upload/sites/portfolio-4e43e/versions/0dba953bd540a66f/files/0d752f0be65d391f5ebaa21df53b86b62fcc8d36759de2f911e608dd923841ac [none]
[debug] [2022-06-06T18:17:27.226Z] >>> [apiv2][body] POST https://upload-firebasehosting.googleapis.com/upload/sites/portfolio-4e43e/versions/0dba953bd540a66f/files/0d752f0be65d391f5ebaa21df53b86b62fcc8d36759de2f911e608dd923841ac [stream]
[debug] [2022-06-06T18:17:27.226Z] [hosting][populate queue][FINAL] {"max":1396,"min":1396,"avg":1396,"active":0,"complete":1,"success":1,"errored":0,"retried":0,"total":1,"elapsed":1414}
[debug] [2022-06-06T18:17:27.226Z] [hosting] uploads queued: 32
[info] i  hosting: uploading new files [0/32] (0%) 
[info] i  hosting: uploading new files [0/32] (0%) 
[debug] [2022-06-06T18:17:29.997Z] <<< [apiv2][status] POST https://upload-firebasehosting.googleapis.com/upload/sites/portfolio-4e43e/versions/0dba953bd540a66f/files/035101ec57afea2d9b9798c30ff8c84026f4360eb08545c99caf999ac4616125 200
[debug] [2022-06-06T18:17:29.997Z] <<< [apiv2][body] POST https://upload-firebasehosting.googleapis.com/upload/sites/portfolio-4e43e/versions/0dba953bd540a66f/files/035101ec57afea2d9b9798c30ff8c84026f4360eb08545c99caf999ac4616125 [stream]
[debug] [2022-06-06T18:17:30.177Z] <<< [apiv2][status] POST https://upload-firebasehosting.googleapis.com/upload/sites/portfolio-4e43e/versions/0dba953bd540a66f/files/aeca7937b65494dbe38e9f8944f84293f698d8164d3e3238ef9bd070fa33cc2b 200
[debug] [2022-06-06T18:17:30.177Z] <<< [apiv2][body] POST https://upload-firebasehosting.googleapis.com/upload/sites/portfolio-4e43e/versions/0dba953bd540a66f/files/aeca7937b65494dbe38e9f8944f84293f698d8164d3e3238ef9bd070fa33cc2b [stream]
[debug] [2022-06-06T18:17:30.384Z] <<< [apiv2][status] POST https://upload-firebasehosting.googleapis.com/upload/sites/portfolio-4e43e/versions/0dba953bd540a66f/files/e341e976560c8a4b4e7baad3869e91bc8ea7ccbf112045e82928234eeebf3a96 200
[debug] [2022-06-06T18:17:30.384Z] <<< [apiv2][body] POST https://upload-firebasehosting.googleapis.com/upload/sites/portfolio-4e43e/versions/0dba953bd540a66f/files/e341e976560c8a4b4e7baad3869e91bc8ea7ccbf112045e82928234eeebf3a96 [stream]
[info] i  hosting: uploading new files [3/32] (9%) 
[info] i  hosting: uploading new files [3/32] (9%) 
[info] i  hosting: uploading new files [3/32] (9%) 
[info] i  hosting: uploading new files [3/32] (9%) 
[info] i  hosting: uploading new files [3/32] (9%) 
[info] i  hosting: uploading new files [3/32] (9%) 
[info] i  hosting: uploading new files [3/32] (9%) 
[info] i  hosting: uploading new files [3/32] (9%) 
[info] i  hosting: uploading new files [3/32] (9%) 
[info] i  hosting: uploading new files [3/32] (9%) 
[info] i  hosting: uploading new files [3/32] (9%) 
[debug] [2022-06-06T18:17:53.000Z] <<< [apiv2][status] POST https://upload-firebasehosting.googleapis.com/upload/sites/portfolio-4e43e/versions/0dba953bd540a66f/files/87a567bd874cd00977c93ab8fc3e531fb7768bf56fc6579c017ed1f866fd3729 200
[debug] [2022-06-06T18:17:53.000Z] <<< [apiv2][body] POST https://upload-firebasehosting.googleapis.com/upload/sites/portfolio-4e43e/versions/0dba953bd540a66f/files/87a567bd874cd00977c93ab8fc3e531fb7768bf56fc6579c017ed1f866fd3729 [stream]
[info] i  hosting: uploading new files [4/32] (12%) 
[info] i  hosting: uploading new files [4/32] (12%) 
[info] i  hosting: uploading new files [4/32] (12%) 
[debug] [2022-06-06T18:17:57.608Z] [uploadQueue] Retrying task c911dde08d0b7a70e1b225302f1cb6db7fa194c88271a0fd62903021d9641fba
[debug] [2022-06-06T18:17:57.608Z] >>> [apiv2][query] POST https://upload-firebasehosting.googleapis.com/upload/sites/portfolio-4e43e/versions/0dba953bd540a66f/files/c911dde08d0b7a70e1b225302f1cb6db7fa194c88271a0fd62903021d9641fba [none]
[debug] [2022-06-06T18:17:57.608Z] >>> [apiv2][body] POST https://upload-firebasehosting.googleapis.com/upload/sites/portfolio-4e43e/versions/0dba953bd540a66f/files/c911dde08d0b7a70e1b225302f1cb6db7fa194c88271a0fd62903021d9641fba [stream]
[debug] [2022-06-06T18:17:57.609Z] [uploadQueue] Retrying task 5a23629349db7137d3944c00dd0ff31e9dd3a087dc2985ed5c7504faacfba2c5
[debug] [2022-06-06T18:17:57.609Z] >>> [apiv2][query] POST https://upload-firebasehosting.googleapis.com/upload/sites/portfolio-4e43e/versions/0dba953bd540a66f/files/5a23629349db7137d3944c00dd0ff31e9dd3a087dc2985ed5c7504faacfba2c5 [none]
[debug] [2022-06-06T18:17:57.609Z] >>> [apiv2][body] POST https://upload-firebasehosting.googleapis.com/upload/sites/portfolio-4e43e/versions/0dba953bd540a66f/files/5a23629349db7137d3944c00dd0ff31e9dd3a087dc2985ed5c7504faacfba2c5 [stream]
[debug] [2022-06-06T18:17:57.610Z] [uploadQueue] Retrying task c55ae3a9b0842dc96210989d80f66d200c71cbdee87db851fbba796cdd31bc02
[debug] [2022-06-06T18:17:57.610Z] >>> [apiv2][query] POST https://upload-firebasehosting.googleapis.com/upload/sites/portfolio-4e43e/versions/0dba953bd540a66f/files/c55ae3a9b0842dc96210989d80f66d200c71cbdee87db851fbba796cdd31bc02 [none]
[debug] [2022-06-06T18:17:57.610Z] >>> [apiv2][body] POST https://upload-firebasehosting.googleapis.com/upload/sites/portfolio-4e43e/versions/0dba953bd540a66f/files/c55ae3a9b0842dc96210989d80f66d200c71cbdee87db851fbba796cdd31bc02 [stream]
[debug] [2022-06-06T18:17:57.611Z] [uploadQueue] Retrying task 743e493cf22c9ddf2c7ce2b6eea4501684e24a5ce92676cfd04fab9a5db0ff35
[debug] [2022-06-06T18:17:57.611Z] >>> [apiv2][query] POST https://upload-firebasehosting.googleapis.com/upload/sites/portfolio-4e43e/versions/0dba953bd540a66f/files/743e493cf22c9ddf2c7ce2b6eea4501684e24a5ce92676cfd04fab9a5db0ff35 [none]
[debug] [2022-06-06T18:17:57.611Z] >>> [apiv2][body] POST https://upload-firebasehosting.googleapis.com/upload/sites/portfolio-4e43e/versions/0dba953bd540a66f/files/743e493cf22c9ddf2c7ce2b6eea4501684e24a5ce92676cfd04fab9a5db0ff35 [stream]
[debug] [2022-06-06T18:17:57.611Z] [uploadQueue] Retrying task 781b582a4d79793a964568cf4a056b6561a33097759bfe9f9c74a6e4ae631ab1
[debug] [2022-06-06T18:17:57.612Z] >>> [apiv2][query] POST https://upload-firebasehosting.googleapis.com/upload/sites/portfolio-4e43e/versions/0dba953bd540a66f/files/781b582a4d79793a964568cf4a056b6561a33097759bfe9f9c74a6e4ae631ab1 [none]
[debug] [2022-06-06T18:17:57.612Z] >>> [apiv2][body] POST https://upload-firebasehosting.googleapis.com/upload/sites/portfolio-4e43e/versions/0dba953bd540a66f/files/781b582a4d79793a964568cf4a056b6561a33097759bfe9f9c74a6e4ae631ab1 [stream]
[debug] [2022-06-06T18:17:57.612Z] [uploadQueue] Retrying task d3eeb9221ed634cc9eb7523af2c9e7fff543e385b8dabcbfb5a069b87bf568c0
[debug] [2022-06-06T18:17:57.612Z] >>> [apiv2][query] POST https://upload-firebasehosting.googleapis.com/upload/sites/portfolio-4e43e/versions/0dba953bd540a66f/files/d3eeb9221ed634cc9eb7523af2c9e7fff543e385b8dabcbfb5a069b87bf568c0 [none]
[debug] [2022-06-06T18:17:57.612Z] >>> [apiv2][body] POST https://upload-firebasehosting.googleapis.com/upload/sites/portfolio-4e43e/versions/0dba953bd540a66f/files/d3eeb9221ed634cc9eb7523af2c9e7fff543e385b8dabcbfb5a069b87bf568c0 [stream]
[debug] [2022-06-06T18:17:57.613Z] [uploadQueue] Retrying task dd30275834b99fcbb27a08d6ddbefc2cddec153b7a668caf6da74920c5a9dfff
[debug] [2022-06-06T18:17:57.613Z] >>> [apiv2][query] POST https://upload-firebasehosting.googleapis.com/upload/sites/portfolio-4e43e/versions/0dba953bd540a66f/files/dd30275834b99fcbb27a08d6ddbefc2cddec153b7a668caf6da74920c5a9dfff [none]
[debug] [2022-06-06T18:17:57.613Z] >>> [apiv2][body] POST https://upload-firebasehosting.googleapis.com/upload/sites/portfolio-4e43e/versions/0dba953bd540a66f/files/dd30275834b99fcbb27a08d6ddbefc2cddec153b7a668caf6da74920c5a9dfff [stream]
[debug] [2022-06-06T18:17:57.614Z] [uploadQueue] Retrying task f2c35ddf4c9de07d847a0863a6e804590f273ba0518dbd04255495350299ee47
[debug] [2022-06-06T18:17:57.615Z] >>> [apiv2][query] POST https://upload-firebasehosting.googleapis.com/upload/sites/portfolio-4e43e/versions/0dba953bd540a66f/files/f2c35ddf4c9de07d847a0863a6e804590f273ba0518dbd04255495350299ee47 [none]
[debug] [2022-06-06T18:17:57.615Z] >>> [apiv2][body] POST https://upload-firebasehosting.googleapis.com/upload/sites/portfolio-4e43e/versions/0dba953bd540a66f/files/f2c35ddf4c9de07d847a0863a6e804590f273ba0518dbd04255495350299ee47 [stream]
[debug] [2022-06-06T18:17:57.616Z] [uploadQueue] Retrying task f6f02d82c5e9b2e41114134167a73fa61a647800851fe98d4576dc1619c7aaea
[debug] [2022-06-06T18:17:57.616Z] >>> [apiv2][query] POST https://upload-firebasehosting.googleapis.com/upload/sites/portfolio-4e43e/versions/0dba953bd540a66f/files/f6f02d82c5e9b2e41114134167a73fa61a647800851fe98d4576dc1619c7aaea [none]
[debug] [2022-06-06T18:17:57.616Z] >>> [apiv2][body] POST https://upload-firebasehosting.googleapis.com/upload/sites/portfolio-4e43e/versions/0dba953bd540a66f/files/f6f02d82c5e9b2e41114134167a73fa61a647800851fe98d4576dc1619c7aaea [stream]
[debug] [2022-06-06T18:17:57.616Z] [uploadQueue] Retrying task 3a19bb5289dba304b83ee25c4f1652229db2edac2390f1ca1744df007815629c
[debug] [2022-06-06T18:17:57.617Z] >>> [apiv2][query] POST https://upload-firebasehosting.googleapis.com/upload/sites/portfolio-4e43e/versions/0dba953bd540a66f/files/3a19bb5289dba304b83ee25c4f1652229db2edac2390f1ca1744df007815629c [none]
[debug] [2022-06-06T18:17:57.617Z] >>> [apiv2][body] POST https://upload-firebasehosting.googleapis.com/upload/sites/portfolio-4e43e/versions/0dba953bd540a66f/files/3a19bb5289dba304b83ee25c4f1652229db2edac2390f1ca1744df007815629c [stream]
[debug] [2022-06-06T18:17:57.617Z] [uploadQueue] Retrying task 6e0e586e8bea2cbd5492c1f10610f27530db89450ffa27bedae51e7842cb864a
[debug] [2022-06-06T18:17:57.617Z] >>> [apiv2][query] POST https://upload-firebasehosting.googleapis.com/upload/sites/portfolio-4e43e/versions/0dba953bd540a66f/files/6e0e586e8bea2cbd5492c1f10610f27530db89450ffa27bedae51e7842cb864a [none]
[debug] [2022-06-06T18:17:57.617Z] >>> [apiv2][body] POST https://upload-firebasehosting.googleapis.com/upload/sites/portfolio-4e43e/versions/0dba953bd540a66f/files/6e0e586e8bea2cbd5492c1f10610f27530db89450ffa27bedae51e7842cb864a [stream]
[debug] [2022-06-06T18:17:57.618Z] [uploadQueue] Retrying task 433605dc7cf4c70d485d2814b8d81f964c3e0903211aa4fea25cb017e99fd63d
[debug] [2022-06-06T18:17:57.618Z] >>> [apiv2][query] POST https://upload-firebasehosting.googleapis.com/upload/sites/portfolio-4e43e/versions/0dba953bd540a66f/files/433605dc7cf4c70d485d2814b8d81f964c3e0903211aa4fea25cb017e99fd63d [none]
[debug] [2022-06-06T18:17:57.618Z] >>> [apiv2][body] POST https://upload-firebasehosting.googleapis.com/upload/sites/portfolio-4e43e/versions/0dba953bd540a66f/files/433605dc7cf4c70d485d2814b8d81f964c3e0903211aa4fea25cb017e99fd63d [stream]
[debug] [2022-06-06T18:17:57.619Z] [uploadQueue] Retrying task 461a82e38e1f8e30aa4a3ac515838381b7903c317443f1f33556573e920ce323
[debug] [2022-06-06T18:17:57.619Z] >>> [apiv2][query] POST https://upload-firebasehosting.googleapis.com/upload/sites/portfolio-4e43e/versions/0dba953bd540a66f/files/461a82e38e1f8e30aa4a3ac515838381b7903c317443f1f33556573e920ce323 [none]
[debug] [2022-06-06T18:17:57.619Z] >>> [apiv2][body] POST https://upload-firebasehosting.googleapis.com/upload/sites/portfolio-4e43e/versions/0dba953bd540a66f/files/461a82e38e1f8e30aa4a3ac515838381b7903c317443f1f33556573e920ce323 [stream]
[debug] [2022-06-06T18:17:57.619Z] [uploadQueue] Retrying task b0890d26e27f9199b0a82cc986ef760638836ac65a785e08aef66ded0bb550cf
[debug] [2022-06-06T18:17:57.620Z] >>> [apiv2][query] POST https://upload-firebasehosting.googleapis.com/upload/sites/portfolio-4e43e/versions/0dba953bd540a66f/files/b0890d26e27f9199b0a82cc986ef760638836ac65a785e08aef66ded0bb550cf [none]
[debug] [2022-06-06T18:17:57.620Z] >>> [apiv2][body] POST https://upload-firebasehosting.googleapis.com/upload/sites/portfolio-4e43e/versions/0dba953bd540a66f/files/b0890d26e27f9199b0a82cc986ef760638836ac65a785e08aef66ded0bb550cf [stream]
[debug] [2022-06-06T18:17:57.620Z] [uploadQueue] Retrying task f8dd50725f76675dddbc62538fad0ac1eab738a2b434fcc56bb067f4bebb40ae
[debug] [2022-06-06T18:17:57.620Z] >>> [apiv2][query] POST https://upload-firebasehosting.googleapis.com/upload/sites/portfolio-4e43e/versions/0dba953bd540a66f/files/f8dd50725f76675dddbc62538fad0ac1eab738a2b434fcc56bb067f4bebb40ae [none]
[debug] [2022-06-06T18:17:57.620Z] >>> [apiv2][body] POST https://upload-firebasehosting.googleapis.com/upload/sites/portfolio-4e43e/versions/0dba953bd540a66f/files/f8dd50725f76675dddbc62538fad0ac1eab738a2b434fcc56bb067f4bebb40ae [stream]
[debug] [2022-06-06T18:17:57.621Z] [uploadQueue] Retrying task d13b7c0707f33c1f561d9e656468e79e1efd4f2c76bfd3a86a99c74859c67d18
[debug] [2022-06-06T18:17:57.621Z] >>> [apiv2][query] POST https://upload-firebasehosting.googleapis.com/upload/sites/portfolio-4e43e/versions/0dba953bd540a66f/files/d13b7c0707f33c1f561d9e656468e79e1efd4f2c76bfd3a86a99c74859c67d18 [none]
[debug] [2022-06-06T18:17:57.621Z] >>> [apiv2][body] POST https://upload-firebasehosting.googleapis.com/upload/sites/portfolio-4e43e/versions/0dba953bd540a66f/files/d13b7c0707f33c1f561d9e656468e79e1efd4f2c76bfd3a86a99c74859c67d18 [stream]
[debug] [2022-06-06T18:17:57.622Z] [uploadQueue] Retrying task 78ea3a56a5c1d8aed756a563fd183f0b38b8234fb9f7d4bf3f4eaef0164899a8
[debug] [2022-06-06T18:17:57.622Z] >>> [apiv2][query] POST https://upload-firebasehosting.googleapis.com/upload/sites/portfolio-4e43e/versions/0dba953bd540a66f/files/78ea3a56a5c1d8aed756a563fd183f0b38b8234fb9f7d4bf3f4eaef0164899a8 [none]
[debug] [2022-06-06T18:17:57.622Z] >>> [apiv2][body] POST https://upload-firebasehosting.googleapis.com/upload/sites/portfolio-4e43e/versions/0dba953bd540a66f/files/78ea3a56a5c1d8aed756a563fd183f0b38b8234fb9f7d4bf3f4eaef0164899a8 [stream]
[debug] [2022-06-06T18:17:57.623Z] [uploadQueue] Retrying task 0d752f0be65d391f5ebaa21df53b86b62fcc8d36759de2f911e608dd923841ac
[debug] [2022-06-06T18:17:57.623Z] >>> [apiv2][query] POST https://upload-firebasehosting.googleapis.com/upload/sites/portfolio-4e43e/versions/0dba953bd540a66f/files/0d752f0be65d391f5ebaa21df53b86b62fcc8d36759de2f911e608dd923841ac [none]
[debug] [2022-06-06T18:17:57.623Z] >>> [apiv2][body] POST https://upload-firebasehosting.googleapis.com/upload/sites/portfolio-4e43e/versions/0dba953bd540a66f/files/0d752f0be65d391f5ebaa21df53b86b62fcc8d36759de2f911e608dd923841ac [stream]
[debug] [2022-06-06T18:17:58.687Z] [uploadQueue] Retrying task e5a92f591a75882899b5ceafd9ab5dad491c5a9651810dc420209d9e242d3cde
[debug] [2022-06-06T18:17:58.688Z] >>> [apiv2][query] POST https://upload-firebasehosting.googleapis.com/upload/sites/portfolio-4e43e/versions/0dba953bd540a66f/files/e5a92f591a75882899b5ceafd9ab5dad491c5a9651810dc420209d9e242d3cde [none]
[debug] [2022-06-06T18:17:58.688Z] >>> [apiv2][body] POST https://upload-firebasehosting.googleapis.com/upload/sites/portfolio-4e43e/versions/0dba953bd540a66f/files/e5a92f591a75882899b5ceafd9ab5dad491c5a9651810dc420209d9e242d3cde [stream]
[info] i  hosting: uploading new files [4/32] (12%) 
[info] i  hosting: uploading new files [4/32] (12%) 
[info] i  hosting: uploading new files [4/32] (12%) 
[debug] [2022-06-06T18:18:05.128Z] [uploadQueue] Retrying task d7534cd5ca3ac0e45dbbc8fa4961da0bc5ff8118f8ee26fbb6811512851f097e
[debug] [2022-06-06T18:18:05.128Z] >>> [apiv2][query] POST https://upload-firebasehosting.googleapis.com/upload/sites/portfolio-4e43e/versions/0dba953bd540a66f/files/d7534cd5ca3ac0e45dbbc8fa4961da0bc5ff8118f8ee26fbb6811512851f097e [none]
[debug] [2022-06-06T18:18:05.128Z] >>> [apiv2][body] POST https://upload-firebasehosting.googleapis.com/upload/sites/portfolio-4e43e/versions/0dba953bd540a66f/files/d7534cd5ca3ac0e45dbbc8fa4961da0bc5ff8118f8ee26fbb6811512851f097e [stream]
[info] i  hosting: uploading new files [4/32] (12%) 
[debug] [2022-06-06T18:18:06.909Z] [uploadQueue] Retrying task 6a4d1376cb57ad26427c2f1c36626bbdc0925526de64331b9e4df492b1afc823
[debug] [2022-06-06T18:18:06.910Z] >>> [apiv2][query] POST https://upload-firebasehosting.googleapis.com/upload/sites/portfolio-4e43e/versions/0dba953bd540a66f/files/6a4d1376cb57ad26427c2f1c36626bbdc0925526de64331b9e4df492b1afc823 [none]
[debug] [2022-06-06T18:18:06.910Z] >>> [apiv2][body] POST https://upload-firebasehosting.googleapis.com/upload/sites/portfolio-4e43e/versions/0dba953bd540a66f/files/6a4d1376cb57ad26427c2f1c36626bbdc0925526de64331b9e4df492b1afc823 [stream]
[info] i  hosting: uploading new files [4/32] (12%) 
[info] i  hosting: uploading new files [4/32] (12%) 
[debug] [2022-06-06T18:18:09.691Z] [uploadQueue] Retrying task 87a2bfabffd652158663df372f583056b27399252a86a60f75021f7dc2ea5f17
[debug] [2022-06-06T18:18:09.691Z] >>> [apiv2][query] POST https://upload-firebasehosting.googleapis.com/upload/sites/portfolio-4e43e/versions/0dba953bd540a66f/files/87a2bfabffd652158663df372f583056b27399252a86a60f75021f7dc2ea5f17 [none]
[debug] [2022-06-06T18:18:09.691Z] >>> [apiv2][body] POST https://upload-firebasehosting.googleapis.com/upload/sites/portfolio-4e43e/versions/0dba953bd540a66f/files/87a2bfabffd652158663df372f583056b27399252a86a60f75021f7dc2ea5f17 [stream]
[debug] [2022-06-06T18:18:10.028Z] [uploadQueue] Retrying task a3c830bbbe2ea6d8ae873cfca80d4f9cbde0ad0d5f8ef9ec0e7d13adf74f2789
[debug] [2022-06-06T18:18:10.029Z] >>> [apiv2][query] POST https://upload-firebasehosting.googleapis.com/upload/sites/portfolio-4e43e/versions/0dba953bd540a66f/files/a3c830bbbe2ea6d8ae873cfca80d4f9cbde0ad0d5f8ef9ec0e7d13adf74f2789 [none]
[debug] [2022-06-06T18:18:10.029Z] >>> [apiv2][body] POST https://upload-firebasehosting.googleapis.com/upload/sites/portfolio-4e43e/versions/0dba953bd540a66f/files/a3c830bbbe2ea6d8ae873cfca80d4f9cbde0ad0d5f8ef9ec0e7d13adf74f2789 [stream]
[debug] [2022-06-06T18:18:10.120Z] [uploadQueue] Retrying task 743e493cf22c9ddf2c7ce2b6eea4501684e24a5ce92676cfd04fab9a5db0ff35
[debug] [2022-06-06T18:18:10.120Z] >>> [apiv2][query] POST https://upload-firebasehosting.googleapis.com/upload/sites/portfolio-4e43e/versions/0dba953bd540a66f/files/743e493cf22c9ddf2c7ce2b6eea4501684e24a5ce92676cfd04fab9a5db0ff35 [none]
[debug] [2022-06-06T18:18:10.120Z] >>> [apiv2][body] POST https://upload-firebasehosting.googleapis.com/upload/sites/portfolio-4e43e/versions/0dba953bd540a66f/files/743e493cf22c9ddf2c7ce2b6eea4501684e24a5ce92676cfd04fab9a5db0ff35 [stream]
[info] i  hosting: uploading new files [4/32] (12%) 
[debug] [2022-06-06T18:18:12.909Z] [uploadQueue] Retrying task f10f011d431043e3e9d2928c22628d3f0c2abe5287f80bd8890680003d6281c0
[debug] [2022-06-06T18:18:12.910Z] >>> [apiv2][query] POST https://upload-firebasehosting.googleapis.com/upload/sites/portfolio-4e43e/versions/0dba953bd540a66f/files/f10f011d431043e3e9d2928c22628d3f0c2abe5287f80bd8890680003d6281c0 [none]
[debug] [2022-06-06T18:18:12.910Z] >>> [apiv2][body] POST https://upload-firebasehosting.googleapis.com/upload/sites/portfolio-4e43e/versions/0dba953bd540a66f/files/f10f011d431043e3e9d2928c22628d3f0c2abe5287f80bd8890680003d6281c0 [stream]
[debug] [2022-06-06T18:18:13.369Z] [uploadQueue] Retrying task 922fad4920f02d4cb7df5dc996d19b080467431672a8ab9339e6177c2392df20
[debug] [2022-06-06T18:18:13.369Z] >>> [apiv2][query] POST https://upload-firebasehosting.googleapis.com/upload/sites/portfolio-4e43e/versions/0dba953bd540a66f/files/922fad4920f02d4cb7df5dc996d19b080467431672a8ab9339e6177c2392df20 [none]
[debug] [2022-06-06T18:18:13.369Z] >>> [apiv2][body] POST https://upload-firebasehosting.googleapis.com/upload/sites/portfolio-4e43e/versions/0dba953bd540a66f/files/922fad4920f02d4cb7df5dc996d19b080467431672a8ab9339e6177c2392df20 [stream]
[info] i  hosting: uploading new files [4/32] (12%) 
[debug] [2022-06-06T18:18:15.167Z] [uploadQueue] Retrying task a7eeaac75907ebeb65a35c86874e5bbb8c694d3c8e53b68f4a7074fda75efac0
[debug] [2022-06-06T18:18:15.167Z] >>> [apiv2][query] POST https://upload-firebasehosting.googleapis.com/upload/sites/portfolio-4e43e/versions/0dba953bd540a66f/files/a7eeaac75907ebeb65a35c86874e5bbb8c694d3c8e53b68f4a7074fda75efac0 [none]
[debug] [2022-06-06T18:18:15.167Z] >>> [apiv2][body] POST https://upload-firebasehosting.googleapis.com/upload/sites/portfolio-4e43e/versions/0dba953bd540a66f/files/a7eeaac75907ebeb65a35c86874e5bbb8c694d3c8e53b68f4a7074fda75efac0 [stream]
[info] i  hosting: uploading new files [4/32] (12%) 
[info] i  hosting: uploading new files [4/32] (12%) 
[info] i  hosting: uploading new files [4/32] (12%) 
[info] i  hosting: uploading new files [4/32] (12%) 
[info] i  hosting: uploading new files [4/32] (12%) 
[debug] [2022-06-06T18:18:23.770Z] [uploadQueue] Retrying task b23da3ad3913d95ccfb888099a91beefb0c7e29747975686b47b5ceda5ef4ab9
[debug] [2022-06-06T18:18:23.770Z] >>> [apiv2][query] POST https://upload-firebasehosting.googleapis.com/upload/sites/portfolio-4e43e/versions/0dba953bd540a66f/files/b23da3ad3913d95ccfb888099a91beefb0c7e29747975686b47b5ceda5ef4ab9 [none]
[debug] [2022-06-06T18:18:23.771Z] >>> [apiv2][body] POST https://upload-firebasehosting.googleapis.com/upload/sites/portfolio-4e43e/versions/0dba953bd540a66f/files/b23da3ad3913d95ccfb888099a91beefb0c7e29747975686b47b5ceda5ef4ab9 [stream]
[debug] [2022-06-06T18:18:24.651Z] [uploadQueue] Retrying task 2d0801231966f99eb64056805a5e476dd7a7f0fd8d7aa0e797373fadca0c6b59
[debug] [2022-06-06T18:18:24.651Z] >>> [apiv2][query] POST https://upload-firebasehosting.googleapis.com/upload/sites/portfolio-4e43e/versions/0dba953bd540a66f/files/2d0801231966f99eb64056805a5e476dd7a7f0fd8d7aa0e797373fadca0c6b59 [none]
[debug] [2022-06-06T18:18:24.651Z] >>> [apiv2][body] POST https://upload-firebasehosting.googleapis.com/upload/sites/portfolio-4e43e/versions/0dba953bd540a66f/files/2d0801231966f99eb64056805a5e476dd7a7f0fd8d7aa0e797373fadca0c6b59 [stream]
[info] i  hosting: uploading new files [4/32] (12%) 
[info] i  hosting: uploading new files [4/32] (12%) 
[debug] [2022-06-06T18:18:28.411Z] [uploadQueue] Retrying task c911dde08d0b7a70e1b225302f1cb6db7fa194c88271a0fd62903021d9641fba
[debug] [2022-06-06T18:18:28.411Z] >>> [apiv2][query] POST https://upload-firebasehosting.googleapis.com/upload/sites/portfolio-4e43e/versions/0dba953bd540a66f/files/c911dde08d0b7a70e1b225302f1cb6db7fa194c88271a0fd62903021d9641fba [none]
[debug] [2022-06-06T18:18:28.411Z] >>> [apiv2][body] POST https://upload-firebasehosting.googleapis.com/upload/sites/portfolio-4e43e/versions/0dba953bd540a66f/files/c911dde08d0b7a70e1b225302f1cb6db7fa194c88271a0fd62903021d9641fba [stream]
[debug] [2022-06-06T18:18:28.412Z] [uploadQueue] Retrying task 5a23629349db7137d3944c00dd0ff31e9dd3a087dc2985ed5c7504faacfba2c5
[debug] [2022-06-06T18:18:28.412Z] >>> [apiv2][query] POST https://upload-firebasehosting.googleapis.com/upload/sites/portfolio-4e43e/versions/0dba953bd540a66f/files/5a23629349db7137d3944c00dd0ff31e9dd3a087dc2985ed5c7504faacfba2c5 [none]
[debug] [2022-06-06T18:18:28.413Z] >>> [apiv2][body] POST https://upload-firebasehosting.googleapis.com/upload/sites/portfolio-4e43e/versions/0dba953bd540a66f/files/5a23629349db7137d3944c00dd0ff31e9dd3a087dc2985ed5c7504faacfba2c5 [stream]
[debug] [2022-06-06T18:18:28.413Z] [uploadQueue] Retrying task c55ae3a9b0842dc96210989d80f66d200c71cbdee87db851fbba796cdd31bc02
[debug] [2022-06-06T18:18:28.413Z] >>> [apiv2][query] POST https://upload-firebasehosting.googleapis.com/upload/sites/portfolio-4e43e/versions/0dba953bd540a66f/files/c55ae3a9b0842dc96210989d80f66d200c71cbdee87db851fbba796cdd31bc02 [none]
[debug] [2022-06-06T18:18:28.413Z] >>> [apiv2][body] POST https://upload-firebasehosting.googleapis.com/upload/sites/portfolio-4e43e/versions/0dba953bd540a66f/files/c55ae3a9b0842dc96210989d80f66d200c71cbdee87db851fbba796cdd31bc02 [stream]
[debug] [2022-06-06T18:18:28.414Z] [uploadQueue] Retrying task 781b582a4d79793a964568cf4a056b6561a33097759bfe9f9c74a6e4ae631ab1
[debug] [2022-06-06T18:18:28.414Z] >>> [apiv2][query] POST https://upload-firebasehosting.googleapis.com/upload/sites/portfolio-4e43e/versions/0dba953bd540a66f/files/781b582a4d79793a964568cf4a056b6561a33097759bfe9f9c74a6e4ae631ab1 [none]
[debug] [2022-06-06T18:18:28.414Z] >>> [apiv2][body] POST https://upload-firebasehosting.googleapis.com/upload/sites/portfolio-4e43e/versions/0dba953bd540a66f/files/781b582a4d79793a964568cf4a056b6561a33097759bfe9f9c74a6e4ae631ab1 [stream]
[debug] [2022-06-06T18:18:28.415Z] [uploadQueue] Retrying task d3eeb9221ed634cc9eb7523af2c9e7fff543e385b8dabcbfb5a069b87bf568c0
[debug] [2022-06-06T18:18:28.415Z] >>> [apiv2][query] POST https://upload-firebasehosting.googleapis.com/upload/sites/portfolio-4e43e/versions/0dba953bd540a66f/files/d3eeb9221ed634cc9eb7523af2c9e7fff543e385b8dabcbfb5a069b87bf568c0 [none]
[debug] [2022-06-06T18:18:28.415Z] >>> [apiv2][body] POST https://upload-firebasehosting.googleapis.com/upload/sites/portfolio-4e43e/versions/0dba953bd540a66f/files/d3eeb9221ed634cc9eb7523af2c9e7fff543e385b8dabcbfb5a069b87bf568c0 [stream]
[debug] [2022-06-06T18:18:28.415Z] [uploadQueue] Retrying task dd30275834b99fcbb27a08d6ddbefc2cddec153b7a668caf6da74920c5a9dfff
[debug] [2022-06-06T18:18:28.416Z] >>> [apiv2][query] POST https://upload-firebasehosting.googleapis.com/upload/sites/portfolio-4e43e/versions/0dba953bd540a66f/files/dd30275834b99fcbb27a08d6ddbefc2cddec153b7a668caf6da74920c5a9dfff [none]
[debug] [2022-06-06T18:18:28.416Z] >>> [apiv2][body] POST https://upload-firebasehosting.googleapis.com/upload/sites/portfolio-4e43e/versions/0dba953bd540a66f/files/dd30275834b99fcbb27a08d6ddbefc2cddec153b7a668caf6da74920c5a9dfff [stream]
[debug] [2022-06-06T18:18:28.416Z] [uploadQueue] Retrying task f2c35ddf4c9de07d847a0863a6e804590f273ba0518dbd04255495350299ee47
[debug] [2022-06-06T18:18:28.416Z] >>> [apiv2][query] POST https://upload-firebasehosting.googleapis.com/upload/sites/portfolio-4e43e/versions/0dba953bd540a66f/files/f2c35ddf4c9de07d847a0863a6e804590f273ba0518dbd04255495350299ee47 [none]
[debug] [2022-06-06T18:18:28.416Z] >>> [apiv2][body] POST https://upload-firebasehosting.googleapis.com/upload/sites/portfolio-4e43e/versions/0dba953bd540a66f/files/f2c35ddf4c9de07d847a0863a6e804590f273ba0518dbd04255495350299ee47 [stream]
[debug] [2022-06-06T18:18:28.417Z] [uploadQueue] Retrying task f6f02d82c5e9b2e41114134167a73fa61a647800851fe98d4576dc1619c7aaea
[debug] [2022-06-06T18:18:28.418Z] >>> [apiv2][query] POST https://upload-firebasehosting.googleapis.com/upload/sites/portfolio-4e43e/versions/0dba953bd540a66f/files/f6f02d82c5e9b2e41114134167a73fa61a647800851fe98d4576dc1619c7aaea [none]
[debug] [2022-06-06T18:18:28.418Z] >>> [apiv2][body] POST https://upload-firebasehosting.googleapis.com/upload/sites/portfolio-4e43e/versions/0dba953bd540a66f/files/f6f02d82c5e9b2e41114134167a73fa61a647800851fe98d4576dc1619c7aaea [stream]
[debug] [2022-06-06T18:18:28.418Z] [uploadQueue] Retrying task 3a19bb5289dba304b83ee25c4f1652229db2edac2390f1ca1744df007815629c
[debug] [2022-06-06T18:18:28.418Z] >>> [apiv2][query] POST https://upload-firebasehosting.googleapis.com/upload/sites/portfolio-4e43e/versions/0dba953bd540a66f/files/3a19bb5289dba304b83ee25c4f1652229db2edac2390f1ca1744df007815629c [none]
[debug] [2022-06-06T18:18:28.419Z] >>> [apiv2][body] POST https://upload-firebasehosting.googleapis.com/upload/sites/portfolio-4e43e/versions/0dba953bd540a66f/files/3a19bb5289dba304b83ee25c4f1652229db2edac2390f1ca1744df007815629c [stream]
[debug] [2022-06-06T18:18:28.420Z] [uploadQueue] Retrying task 6e0e586e8bea2cbd5492c1f10610f27530db89450ffa27bedae51e7842cb864a
[debug] [2022-06-06T18:18:28.420Z] >>> [apiv2][query] POST https://upload-firebasehosting.googleapis.com/upload/sites/portfolio-4e43e/versions/0dba953bd540a66f/files/6e0e586e8bea2cbd5492c1f10610f27530db89450ffa27bedae51e7842cb864a [none]
[debug] [2022-06-06T18:18:28.420Z] >>> [apiv2][body] POST https://upload-firebasehosting.googleapis.com/upload/sites/portfolio-4e43e/versions/0dba953bd540a66f/files/6e0e586e8bea2cbd5492c1f10610f27530db89450ffa27bedae51e7842cb864a [stream]
[debug] [2022-06-06T18:18:28.420Z] [uploadQueue] Retrying task 433605dc7cf4c70d485d2814b8d81f964c3e0903211aa4fea25cb017e99fd63d
[debug] [2022-06-06T18:18:28.420Z] >>> [apiv2][query] POST https://upload-firebasehosting.googleapis.com/upload/sites/portfolio-4e43e/versions/0dba953bd540a66f/files/433605dc7cf4c70d485d2814b8d81f964c3e0903211aa4fea25cb017e99fd63d [none]
[debug] [2022-06-06T18:18:28.421Z] >>> [apiv2][body] POST https://upload-firebasehosting.googleapis.com/upload/sites/portfolio-4e43e/versions/0dba953bd540a66f/files/433605dc7cf4c70d485d2814b8d81f964c3e0903211aa4fea25cb017e99fd63d [stream]
[debug] [2022-06-06T18:18:28.421Z] [uploadQueue] Retrying task 461a82e38e1f8e30aa4a3ac515838381b7903c317443f1f33556573e920ce323
[debug] [2022-06-06T18:18:28.421Z] >>> [apiv2][query] POST https://upload-firebasehosting.googleapis.com/upload/sites/portfolio-4e43e/versions/0dba953bd540a66f/files/461a82e38e1f8e30aa4a3ac515838381b7903c317443f1f33556573e920ce323 [none]
[debug] [2022-06-06T18:18:28.421Z] >>> [apiv2][body] POST https://upload-firebasehosting.googleapis.com/upload/sites/portfolio-4e43e/versions/0dba953bd540a66f/files/461a82e38e1f8e30aa4a3ac515838381b7903c317443f1f33556573e920ce323 [stream]
[debug] [2022-06-06T18:18:28.423Z] [uploadQueue] Retrying task b0890d26e27f9199b0a82cc986ef760638836ac65a785e08aef66ded0bb550cf
[debug] [2022-06-06T18:18:28.423Z] >>> [apiv2][query] POST https://upload-firebasehosting.googleapis.com/upload/sites/portfolio-4e43e/versions/0dba953bd540a66f/files/b0890d26e27f9199b0a82cc986ef760638836ac65a785e08aef66ded0bb550cf [none]
[debug] [2022-06-06T18:18:28.423Z] >>> [apiv2][body] POST https://upload-firebasehosting.googleapis.com/upload/sites/portfolio-4e43e/versions/0dba953bd540a66f/files/b0890d26e27f9199b0a82cc986ef760638836ac65a785e08aef66ded0bb550cf [stream]
[debug] [2022-06-06T18:18:28.424Z] [uploadQueue] Retrying task f8dd50725f76675dddbc62538fad0ac1eab738a2b434fcc56bb067f4bebb40ae
[debug] [2022-06-06T18:18:28.424Z] >>> [apiv2][query] POST https://upload-firebasehosting.googleapis.com/upload/sites/portfolio-4e43e/versions/0dba953bd540a66f/files/f8dd50725f76675dddbc62538fad0ac1eab738a2b434fcc56bb067f4bebb40ae [none]
[debug] [2022-06-06T18:18:28.424Z] >>> [apiv2][body] POST https://upload-firebasehosting.googleapis.com/upload/sites/portfolio-4e43e/versions/0dba953bd540a66f/files/f8dd50725f76675dddbc62538fad0ac1eab738a2b434fcc56bb067f4bebb40ae [stream]
[debug] [2022-06-06T18:18:28.424Z] [uploadQueue] Retrying task d13b7c0707f33c1f561d9e656468e79e1efd4f2c76bfd3a86a99c74859c67d18
[debug] [2022-06-06T18:18:28.424Z] >>> [apiv2][query] POST https://upload-firebasehosting.googleapis.com/upload/sites/portfolio-4e43e/versions/0dba953bd540a66f/files/d13b7c0707f33c1f561d9e656468e79e1efd4f2c76bfd3a86a99c74859c67d18 [none]
[debug] [2022-06-06T18:18:28.424Z] >>> [apiv2][body] POST https://upload-firebasehosting.googleapis.com/upload/sites/portfolio-4e43e/versions/0dba953bd540a66f/files/d13b7c0707f33c1f561d9e656468e79e1efd4f2c76bfd3a86a99c74859c67d18 [stream]
[debug] [2022-06-06T18:18:28.425Z] [uploadQueue] Retrying task 78ea3a56a5c1d8aed756a563fd183f0b38b8234fb9f7d4bf3f4eaef0164899a8
[debug] [2022-06-06T18:18:28.425Z] >>> [apiv2][query] POST https://upload-firebasehosting.googleapis.com/upload/sites/portfolio-4e43e/versions/0dba953bd540a66f/files/78ea3a56a5c1d8aed756a563fd183f0b38b8234fb9f7d4bf3f4eaef0164899a8 [none]
[debug] [2022-06-06T18:18:28.425Z] >>> [apiv2][body] POST https://upload-firebasehosting.googleapis.com/upload/sites/portfolio-4e43e/versions/0dba953bd540a66f/files/78ea3a56a5c1d8aed756a563fd183f0b38b8234fb9f7d4bf3f4eaef0164899a8 [stream]
[debug] [2022-06-06T18:18:28.426Z] [uploadQueue] Retrying task 0d752f0be65d391f5ebaa21df53b86b62fcc8d36759de2f911e608dd923841ac
[debug] [2022-06-06T18:18:28.426Z] >>> [apiv2][query] POST https://upload-firebasehosting.googleapis.com/upload/sites/portfolio-4e43e/versions/0dba953bd540a66f/files/0d752f0be65d391f5ebaa21df53b86b62fcc8d36759de2f911e608dd923841ac [none]
[debug] [2022-06-06T18:18:28.426Z] >>> [apiv2][body] POST https://upload-firebasehosting.googleapis.com/upload/sites/portfolio-4e43e/versions/0dba953bd540a66f/files/0d752f0be65d391f5ebaa21df53b86b62fcc8d36759de2f911e608dd923841ac [stream]
[info] i  hosting: uploading new files [4/32] (12%) 
[debug] [2022-06-06T18:18:30.569Z] [uploadQueue] Retrying task e5a92f591a75882899b5ceafd9ab5dad491c5a9651810dc420209d9e242d3cde
[debug] [2022-06-06T18:18:30.570Z] >>> [apiv2][query] POST https://upload-firebasehosting.googleapis.com/upload/sites/portfolio-4e43e/versions/0dba953bd540a66f/files/e5a92f591a75882899b5ceafd9ab5dad491c5a9651810dc420209d9e242d3cde [none]
[debug] [2022-06-06T18:18:30.570Z] >>> [apiv2][body] POST https://upload-firebasehosting.googleapis.com/upload/sites/portfolio-4e43e/versions/0dba953bd540a66f/files/e5a92f591a75882899b5ceafd9ab5dad491c5a9651810dc420209d9e242d3cde [stream]
[info] i  hosting: uploading new files [4/32] (12%) 
[info] i  hosting: uploading new files [4/32] (12%) 
[info] i  hosting: uploading new files [4/32] (12%) 
[info] i  hosting: uploading new files [4/32] (12%) 
[info] i  hosting: uploading new files [4/32] (12%) 
[debug] [2022-06-06T18:18:40.760Z] [uploadQueue] Retrying task dd30275834b99fcbb27a08d6ddbefc2cddec153b7a668caf6da74920c5a9dfff
[debug] [2022-06-06T18:18:40.760Z] >>> [apiv2][query] POST https://upload-firebasehosting.googleapis.com/upload/sites/portfolio-4e43e/versions/0dba953bd540a66f/files/dd30275834b99fcbb27a08d6ddbefc2cddec153b7a668caf6da74920c5a9dfff [none]
[debug] [2022-06-06T18:18:40.760Z] >>> [apiv2][body] POST https://upload-firebasehosting.googleapis.com/upload/sites/portfolio-4e43e/versions/0dba953bd540a66f/files/dd30275834b99fcbb27a08d6ddbefc2cddec153b7a668caf6da74920c5a9dfff [stream]
[info] i  hosting: uploading new files [4/32] (12%) 
[debug] [2022-06-06T18:18:41.721Z] [uploadQueue] Retrying task 743e493cf22c9ddf2c7ce2b6eea4501684e24a5ce92676cfd04fab9a5db0ff35
[debug] [2022-06-06T18:18:41.721Z] >>> [apiv2][query] POST https://upload-firebasehosting.googleapis.com/upload/sites/portfolio-4e43e/versions/0dba953bd540a66f/files/743e493cf22c9ddf2c7ce2b6eea4501684e24a5ce92676cfd04fab9a5db0ff35 [none]
[debug] [2022-06-06T18:18:41.722Z] >>> [apiv2][body] POST https://upload-firebasehosting.googleapis.com/upload/sites/portfolio-4e43e/versions/0dba953bd540a66f/files/743e493cf22c9ddf2c7ce2b6eea4501684e24a5ce92676cfd04fab9a5db0ff35 [stream]
[debug] [2022-06-06T18:18:43.450Z] [uploadQueue] Retrying task d7534cd5ca3ac0e45dbbc8fa4961da0bc5ff8118f8ee26fbb6811512851f097e
[debug] [2022-06-06T18:18:43.451Z] >>> [apiv2][query] POST https://upload-firebasehosting.googleapis.com/upload/sites/portfolio-4e43e/versions/0dba953bd540a66f/files/d7534cd5ca3ac0e45dbbc8fa4961da0bc5ff8118f8ee26fbb6811512851f097e [none]
[debug] [2022-06-06T18:18:43.451Z] >>> [apiv2][body] POST https://upload-firebasehosting.googleapis.com/upload/sites/portfolio-4e43e/versions/0dba953bd540a66f/files/d7534cd5ca3ac0e45dbbc8fa4961da0bc5ff8118f8ee26fbb6811512851f097e [stream]
[info] i  hosting: uploading new files [4/32] (12%) 
[info] i  hosting: uploading new files [4/32] (12%) 
[debug] [2022-06-06T18:18:47.015Z] [uploadQueue] Retrying task 6a4d1376cb57ad26427c2f1c36626bbdc0925526de64331b9e4df492b1afc823
[debug] [2022-06-06T18:18:47.015Z] >>> [apiv2][query] POST https://upload-firebasehosting.googleapis.com/upload/sites/portfolio-4e43e/versions/0dba953bd540a66f/files/6a4d1376cb57ad26427c2f1c36626bbdc0925526de64331b9e4df492b1afc823 [none]
[debug] [2022-06-06T18:18:47.015Z] >>> [apiv2][body] POST https://upload-firebasehosting.googleapis.com/upload/sites/portfolio-4e43e/versions/0dba953bd540a66f/files/6a4d1376cb57ad26427c2f1c36626bbdc0925526de64331b9e4df492b1afc823 [stream]
[info] i  hosting: uploading new files [4/32] (12%) 
[info] i  hosting: uploading new files [4/32] (12%) 
[debug] [2022-06-06T18:18:51.029Z] [uploadQueue] Retrying task f8dd50725f76675dddbc62538fad0ac1eab738a2b434fcc56bb067f4bebb40ae
[debug] [2022-06-06T18:18:51.030Z] >>> [apiv2][query] POST https://upload-firebasehosting.googleapis.com/upload/sites/portfolio-4e43e/versions/0dba953bd540a66f/files/f8dd50725f76675dddbc62538fad0ac1eab738a2b434fcc56bb067f4bebb40ae [none]
[debug] [2022-06-06T18:18:51.030Z] >>> [apiv2][body] POST https://upload-firebasehosting.googleapis.com/upload/sites/portfolio-4e43e/versions/0dba953bd540a66f/files/f8dd50725f76675dddbc62538fad0ac1eab738a2b434fcc56bb067f4bebb40ae [stream]
[debug] [2022-06-06T18:18:51.030Z] [uploadQueue] Retrying task d13b7c0707f33c1f561d9e656468e79e1efd4f2c76bfd3a86a99c74859c67d18
[debug] [2022-06-06T18:18:51.031Z] >>> [apiv2][query] POST https://upload-firebasehosting.googleapis.com/upload/sites/portfolio-4e43e/versions/0dba953bd540a66f/files/d13b7c0707f33c1f561d9e656468e79e1efd4f2c76bfd3a86a99c74859c67d18 [none]
[debug] [2022-06-06T18:18:51.031Z] >>> [apiv2][body] POST https://upload-firebasehosting.googleapis.com/upload/sites/portfolio-4e43e/versions/0dba953bd540a66f/files/d13b7c0707f33c1f561d9e656468e79e1efd4f2c76bfd3a86a99c74859c67d18 [stream]
[info] i  hosting: uploading new files [4/32] (12%) 
[debug] [2022-06-06T18:18:52.573Z] [uploadQueue] Retrying task 87a2bfabffd652158663df372f583056b27399252a86a60f75021f7dc2ea5f17
[debug] [2022-06-06T18:18:52.573Z] >>> [apiv2][query] POST https://upload-firebasehosting.googleapis.com/upload/sites/portfolio-4e43e/versions/0dba953bd540a66f/files/87a2bfabffd652158663df372f583056b27399252a86a60f75021f7dc2ea5f17 [none]
[debug] [2022-06-06T18:18:52.574Z] >>> [apiv2][body] POST https://upload-firebasehosting.googleapis.com/upload/sites/portfolio-4e43e/versions/0dba953bd540a66f/files/87a2bfabffd652158663df372f583056b27399252a86a60f75021f7dc2ea5f17 [stream]
[debug] [2022-06-06T18:18:53.252Z] [uploadQueue] Retrying task a3c830bbbe2ea6d8ae873cfca80d4f9cbde0ad0d5f8ef9ec0e7d13adf74f2789
[debug] [2022-06-06T18:18:53.252Z] >>> [apiv2][query] POST https://upload-firebasehosting.googleapis.com/upload/sites/portfolio-4e43e/versions/0dba953bd540a66f/files/a3c830bbbe2ea6d8ae873cfca80d4f9cbde0ad0d5f8ef9ec0e7d13adf74f2789 [none]
[debug] [2022-06-06T18:18:53.252Z] >>> [apiv2][body] POST https://upload-firebasehosting.googleapis.com/upload/sites/portfolio-4e43e/versions/0dba953bd540a66f/files/a3c830bbbe2ea6d8ae873cfca80d4f9cbde0ad0d5f8ef9ec0e7d13adf74f2789 [stream]
[info] i  hosting: uploading new files [4/32] (12%) 
[info] i  hosting: uploading new files [4/32] (12%) 
[info] i  hosting: uploading new files [4/32] (12%) 
[debug] [2022-06-06T18:18:59.014Z] [uploadQueue] Retrying task f10f011d431043e3e9d2928c22628d3f0c2abe5287f80bd8890680003d6281c0
[debug] [2022-06-06T18:18:59.014Z] >>> [apiv2][query] POST https://upload-firebasehosting.googleapis.com/upload/sites/portfolio-4e43e/versions/0dba953bd540a66f/files/f10f011d431043e3e9d2928c22628d3f0c2abe5287f80bd8890680003d6281c0 [none]
[debug] [2022-06-06T18:18:59.014Z] >>> [apiv2][body] POST https://upload-firebasehosting.googleapis.com/upload/sites/portfolio-4e43e/versions/0dba953bd540a66f/files/f10f011d431043e3e9d2928c22628d3f0c2abe5287f80bd8890680003d6281c0 [stream]
[info] i  hosting: uploading new files [4/32] (12%) 
[debug] [2022-06-06T18:18:59.934Z] [uploadQueue] Retrying task 922fad4920f02d4cb7df5dc996d19b080467431672a8ab9339e6177c2392df20
[debug] [2022-06-06T18:18:59.934Z] >>> [apiv2][query] POST https://upload-firebasehosting.googleapis.com/upload/sites/portfolio-4e43e/versions/0dba953bd540a66f/files/922fad4920f02d4cb7df5dc996d19b080467431672a8ab9339e6177c2392df20 [none]
[debug] [2022-06-06T18:18:59.934Z] >>> [apiv2][body] POST https://upload-firebasehosting.googleapis.com/upload/sites/portfolio-4e43e/versions/0dba953bd540a66f/files/922fad4920f02d4cb7df5dc996d19b080467431672a8ab9339e6177c2392df20 [stream]
[debug] [2022-06-06T18:19:00.014Z] [uploadQueue] Retrying task c911dde08d0b7a70e1b225302f1cb6db7fa194c88271a0fd62903021d9641fba
[debug] [2022-06-06T18:19:00.014Z] >>> [apiv2][query] POST https://upload-firebasehosting.googleapis.com/upload/sites/portfolio-4e43e/versions/0dba953bd540a66f/files/c911dde08d0b7a70e1b225302f1cb6db7fa194c88271a0fd62903021d9641fba [none]
[debug] [2022-06-06T18:19:00.014Z] >>> [apiv2][body] POST https://upload-firebasehosting.googleapis.com/upload/sites/portfolio-4e43e/versions/0dba953bd540a66f/files/c911dde08d0b7a70e1b225302f1cb6db7fa194c88271a0fd62903021d9641fba [stream]
[debug] [2022-06-06T18:19:00.015Z] [uploadQueue] Retrying task 5a23629349db7137d3944c00dd0ff31e9dd3a087dc2985ed5c7504faacfba2c5
[debug] [2022-06-06T18:19:00.015Z] >>> [apiv2][query] POST https://upload-firebasehosting.googleapis.com/upload/sites/portfolio-4e43e/versions/0dba953bd540a66f/files/5a23629349db7137d3944c00dd0ff31e9dd3a087dc2985ed5c7504faacfba2c5 [none]
[debug] [2022-06-06T18:19:00.015Z] >>> [apiv2][body] POST https://upload-firebasehosting.googleapis.com/upload/sites/portfolio-4e43e/versions/0dba953bd540a66f/files/5a23629349db7137d3944c00dd0ff31e9dd3a087dc2985ed5c7504faacfba2c5 [stream]
[debug] [2022-06-06T18:19:00.015Z] [uploadQueue] Retrying task c55ae3a9b0842dc96210989d80f66d200c71cbdee87db851fbba796cdd31bc02
[debug] [2022-06-06T18:19:00.016Z] >>> [apiv2][query] POST https://upload-firebasehosting.googleapis.com/upload/sites/portfolio-4e43e/versions/0dba953bd540a66f/files/c55ae3a9b0842dc96210989d80f66d200c71cbdee87db851fbba796cdd31bc02 [none]
[debug] [2022-06-06T18:19:00.016Z] >>> [apiv2][body] POST https://upload-firebasehosting.googleapis.com/upload/sites/portfolio-4e43e/versions/0dba953bd540a66f/files/c55ae3a9b0842dc96210989d80f66d200c71cbdee87db851fbba796cdd31bc02 [stream]
[debug] [2022-06-06T18:19:00.017Z] [uploadQueue] Retrying task 781b582a4d79793a964568cf4a056b6561a33097759bfe9f9c74a6e4ae631ab1
[debug] [2022-06-06T18:19:00.017Z] >>> [apiv2][query] POST https://upload-firebasehosting.googleapis.com/upload/sites/portfolio-4e43e/versions/0dba953bd540a66f/files/781b582a4d79793a964568cf4a056b6561a33097759bfe9f9c74a6e4ae631ab1 [none]
[debug] [2022-06-06T18:19:00.017Z] >>> [apiv2][body] POST https://upload-firebasehosting.googleapis.com/upload/sites/portfolio-4e43e/versions/0dba953bd540a66f/files/781b582a4d79793a964568cf4a056b6561a33097759bfe9f9c74a6e4ae631ab1 [stream]
[debug] [2022-06-06T18:19:00.017Z] [uploadQueue] Retrying task d3eeb9221ed634cc9eb7523af2c9e7fff543e385b8dabcbfb5a069b87bf568c0
[debug] [2022-06-06T18:19:00.017Z] >>> [apiv2][query] POST https://upload-firebasehosting.googleapis.com/upload/sites/portfolio-4e43e/versions/0dba953bd540a66f/files/d3eeb9221ed634cc9eb7523af2c9e7fff543e385b8dabcbfb5a069b87bf568c0 [none]
[debug] [2022-06-06T18:19:00.017Z] >>> [apiv2][body] POST https://upload-firebasehosting.googleapis.com/upload/sites/portfolio-4e43e/versions/0dba953bd540a66f/files/d3eeb9221ed634cc9eb7523af2c9e7fff543e385b8dabcbfb5a069b87bf568c0 [stream]
[debug] [2022-06-06T18:19:00.018Z] [uploadQueue] Retrying task f2c35ddf4c9de07d847a0863a6e804590f273ba0518dbd04255495350299ee47
[debug] [2022-06-06T18:19:00.018Z] >>> [apiv2][query] POST https://upload-firebasehosting.googleapis.com/upload/sites/portfolio-4e43e/versions/0dba953bd540a66f/files/f2c35ddf4c9de07d847a0863a6e804590f273ba0518dbd04255495350299ee47 [none]
[debug] [2022-06-06T18:19:00.018Z] >>> [apiv2][body] POST https://upload-firebasehosting.googleapis.com/upload/sites/portfolio-4e43e/versions/0dba953bd540a66f/files/f2c35ddf4c9de07d847a0863a6e804590f273ba0518dbd04255495350299ee47 [stream]
[debug] [2022-06-06T18:19:00.018Z] [uploadQueue] Retrying task f6f02d82c5e9b2e41114134167a73fa61a647800851fe98d4576dc1619c7aaea
[debug] [2022-06-06T18:19:00.019Z] >>> [apiv2][query] POST https://upload-firebasehosting.googleapis.com/upload/sites/portfolio-4e43e/versions/0dba953bd540a66f/files/f6f02d82c5e9b2e41114134167a73fa61a647800851fe98d4576dc1619c7aaea [none]
[debug] [2022-06-06T18:19:00.019Z] >>> [apiv2][body] POST https://upload-firebasehosting.googleapis.com/upload/sites/portfolio-4e43e/versions/0dba953bd540a66f/files/f6f02d82c5e9b2e41114134167a73fa61a647800851fe98d4576dc1619c7aaea [stream]
[debug] [2022-06-06T18:19:00.019Z] [uploadQueue] Retrying task 3a19bb5289dba304b83ee25c4f1652229db2edac2390f1ca1744df007815629c
[debug] [2022-06-06T18:19:00.019Z] >>> [apiv2][query] POST https://upload-firebasehosting.googleapis.com/upload/sites/portfolio-4e43e/versions/0dba953bd540a66f/files/3a19bb5289dba304b83ee25c4f1652229db2edac2390f1ca1744df007815629c [none]
[debug] [2022-06-06T18:19:00.019Z] >>> [apiv2][body] POST https://upload-firebasehosting.googleapis.com/upload/sites/portfolio-4e43e/versions/0dba953bd540a66f/files/3a19bb5289dba304b83ee25c4f1652229db2edac2390f1ca1744df007815629c [stream]
[debug] [2022-06-06T18:19:00.021Z] [uploadQueue] Retrying task 6e0e586e8bea2cbd5492c1f10610f27530db89450ffa27bedae51e7842cb864a
[debug] [2022-06-06T18:19:00.021Z] >>> [apiv2][query] POST https://upload-firebasehosting.googleapis.com/upload/sites/portfolio-4e43e/versions/0dba953bd540a66f/files/6e0e586e8bea2cbd5492c1f10610f27530db89450ffa27bedae51e7842cb864a [none]
[debug] [2022-06-06T18:19:00.022Z] >>> [apiv2][body] POST https://upload-firebasehosting.googleapis.com/upload/sites/portfolio-4e43e/versions/0dba953bd540a66f/files/6e0e586e8bea2cbd5492c1f10610f27530db89450ffa27bedae51e7842cb864a [stream]
[debug] [2022-06-06T18:19:00.022Z] [uploadQueue] Retrying task 433605dc7cf4c70d485d2814b8d81f964c3e0903211aa4fea25cb017e99fd63d
[debug] [2022-06-06T18:19:00.022Z] >>> [apiv2][query] POST https://upload-firebasehosting.googleapis.com/upload/sites/portfolio-4e43e/versions/0dba953bd540a66f/files/433605dc7cf4c70d485d2814b8d81f964c3e0903211aa4fea25cb017e99fd63d [none]
[debug] [2022-06-06T18:19:00.022Z] >>> [apiv2][body] POST https://upload-firebasehosting.googleapis.com/upload/sites/portfolio-4e43e/versions/0dba953bd540a66f/files/433605dc7cf4c70d485d2814b8d81f964c3e0903211aa4fea25cb017e99fd63d [stream]
[debug] [2022-06-06T18:19:00.023Z] [uploadQueue] Retrying task 461a82e38e1f8e30aa4a3ac515838381b7903c317443f1f33556573e920ce323
[debug] [2022-06-06T18:19:00.023Z] >>> [apiv2][query] POST https://upload-firebasehosting.googleapis.com/upload/sites/portfolio-4e43e/versions/0dba953bd540a66f/files/461a82e38e1f8e30aa4a3ac515838381b7903c317443f1f33556573e920ce323 [none]
[debug] [2022-06-06T18:19:00.023Z] >>> [apiv2][body] POST https://upload-firebasehosting.googleapis.com/upload/sites/portfolio-4e43e/versions/0dba953bd540a66f/files/461a82e38e1f8e30aa4a3ac515838381b7903c317443f1f33556573e920ce323 [stream]
[debug] [2022-06-06T18:19:00.023Z] [uploadQueue] Retrying task b0890d26e27f9199b0a82cc986ef760638836ac65a785e08aef66ded0bb550cf
[debug] [2022-06-06T18:19:00.023Z] >>> [apiv2][query] POST https://upload-firebasehosting.googleapis.com/upload/sites/portfolio-4e43e/versions/0dba953bd540a66f/files/b0890d26e27f9199b0a82cc986ef760638836ac65a785e08aef66ded0bb550cf [none]
[debug] [2022-06-06T18:19:00.023Z] >>> [apiv2][body] POST https://upload-firebasehosting.googleapis.com/upload/sites/portfolio-4e43e/versions/0dba953bd540a66f/files/b0890d26e27f9199b0a82cc986ef760638836ac65a785e08aef66ded0bb550cf [stream]
[debug] [2022-06-06T18:19:00.024Z] [uploadQueue] Retrying task 78ea3a56a5c1d8aed756a563fd183f0b38b8234fb9f7d4bf3f4eaef0164899a8
[debug] [2022-06-06T18:19:00.025Z] >>> [apiv2][query] POST https://upload-firebasehosting.googleapis.com/upload/sites/portfolio-4e43e/versions/0dba953bd540a66f/files/78ea3a56a5c1d8aed756a563fd183f0b38b8234fb9f7d4bf3f4eaef0164899a8 [none]
[debug] [2022-06-06T18:19:00.025Z] >>> [apiv2][body] POST https://upload-firebasehosting.googleapis.com/upload/sites/portfolio-4e43e/versions/0dba953bd540a66f/files/78ea3a56a5c1d8aed756a563fd183f0b38b8234fb9f7d4bf3f4eaef0164899a8 [stream]
[debug] [2022-06-06T18:19:00.026Z] [uploadQueue] Retrying task 0d752f0be65d391f5ebaa21df53b86b62fcc8d36759de2f911e608dd923841ac
[debug] [2022-06-06T18:19:00.026Z] >>> [apiv2][query] POST https://upload-firebasehosting.googleapis.com/upload/sites/portfolio-4e43e/versions/0dba953bd540a66f/files/0d752f0be65d391f5ebaa21df53b86b62fcc8d36759de2f911e608dd923841ac [none]
[debug] [2022-06-06T18:19:00.026Z] >>> [apiv2][body] POST https://upload-firebasehosting.googleapis.com/upload/sites/portfolio-4e43e/versions/0dba953bd540a66f/files/0d752f0be65d391f5ebaa21df53b86b62fcc8d36759de2f911e608dd923841ac [stream]
[info] i  hosting: uploading new files [4/32] (12%) 
[debug] [2022-06-06T18:19:03.250Z] [uploadQueue] Retrying task e5a92f591a75882899b5ceafd9ab5dad491c5a9651810dc420209d9e242d3cde
[debug] [2022-06-06T18:19:03.250Z] >>> [apiv2][query] POST https://upload-firebasehosting.googleapis.com/upload/sites/portfolio-4e43e/versions/0dba953bd540a66f/files/e5a92f591a75882899b5ceafd9ab5dad491c5a9651810dc420209d9e242d3cde [none]
[debug] [2022-06-06T18:19:03.250Z] >>> [apiv2][body] POST https://upload-firebasehosting.googleapis.com/upload/sites/portfolio-4e43e/versions/0dba953bd540a66f/files/e5a92f591a75882899b5ceafd9ab5dad491c5a9651810dc420209d9e242d3cde [stream]
[debug] [2022-06-06T18:19:03.527Z] [uploadQueue] Retrying task a7eeaac75907ebeb65a35c86874e5bbb8c694d3c8e53b68f4a7074fda75efac0
[debug] [2022-06-06T18:19:03.528Z] >>> [apiv2][query] POST https://upload-firebasehosting.googleapis.com/upload/sites/portfolio-4e43e/versions/0dba953bd540a66f/files/a7eeaac75907ebeb65a35c86874e5bbb8c694d3c8e53b68f4a7074fda75efac0 [none]
[debug] [2022-06-06T18:19:03.528Z] >>> [apiv2][body] POST https://upload-firebasehosting.googleapis.com/upload/sites/portfolio-4e43e/versions/0dba953bd540a66f/files/a7eeaac75907ebeb65a35c86874e5bbb8c694d3c8e53b68f4a7074fda75efac0 [stream]
[info] i  hosting: uploading new files [4/32] (12%) 
